<?xml version="1.0" encoding="UTF-8"?>
<coverage generated="1628267480489" clover="3.2.0">
  <project timestamp="1628267480490" name="All files">
    <metrics statements="421" coveredstatements="418" conditionals="179" coveredconditionals="176" methods="88" coveredmethods="85" elements="688" coveredelements="679" complexity="0" loc="421" ncloc="421" packages="5" files="11" classes="11"/>
    <package name="scripts">
      <metrics statements="19" coveredstatements="19" conditionals="0" coveredconditionals="0" methods="0" coveredmethods="0"/>
      <file name="const.ts" path="C:\Users\User\Desktop\9Slider\src\scripts\const.ts">
        <metrics statements="19" coveredstatements="19" conditionals="0" coveredconditionals="0" methods="0" coveredmethods="0"/>
        <line num="1" count="7" type="stmt"/>
        <line num="2" count="7" type="stmt"/>
        <line num="3" count="7" type="stmt"/>
        <line num="4" count="7" type="stmt"/>
        <line num="5" count="7" type="stmt"/>
        <line num="6" count="7" type="stmt"/>
        <line num="7" count="7" type="stmt"/>
        <line num="8" count="7" type="stmt"/>
        <line num="9" count="7" type="stmt"/>
        <line num="10" count="7" type="stmt"/>
        <line num="11" count="7" type="stmt"/>
        <line num="12" count="7" type="stmt"/>
        <line num="13" count="7" type="stmt"/>
        <line num="14" count="7" type="stmt"/>
        <line num="15" count="7" type="stmt"/>
        <line num="16" count="7" type="stmt"/>
        <line num="17" count="7" type="stmt"/>
        <line num="18" count="7" type="stmt"/>
        <line num="19" count="7" type="stmt"/>
      </file>
    </package>
    <package name="scripts.components.model">
      <metrics statements="83" coveredstatements="83" conditionals="44" coveredconditionals="44" methods="9" coveredmethods="9"/>
      <file name="model.ts" path="C:\Users\User\Desktop\9Slider\src\scripts\components\model\model.ts">
        <metrics statements="83" coveredstatements="83" conditionals="44" coveredconditionals="44" methods="9" coveredmethods="9"/>
        <line num="10" count="11" type="stmt"/>
        <line num="11" count="11" type="stmt"/>
        <line num="12" count="11" type="stmt"/>
        <line num="13" count="11" type="stmt"/>
        <line num="17" count="6" type="stmt"/>
        <line num="18" count="6" type="stmt"/>
        <line num="19" count="6" type="cond" truecount="2" falsecount="0"/>
        <line num="20" count="6" type="stmt"/>
        <line num="21" count="6" type="stmt"/>
        <line num="29" count="1" type="stmt"/>
        <line num="33" count="73" type="stmt"/>
        <line num="34" count="73" type="stmt"/>
        <line num="35" count="73" type="stmt"/>
        <line num="37" count="73" type="stmt"/>
        <line num="38" count="73" type="cond" truecount="2" falsecount="0"/>
        <line num="39" count="73" type="cond" truecount="4" falsecount="0"/>
        <line num="40" count="73" type="cond" truecount="2" falsecount="0"/>
        <line num="41" count="6" type="cond" truecount="2" falsecount="0"/>
        <line num="43" count="73" type="cond" truecount="2" falsecount="0"/>
        <line num="44" count="6" type="cond" truecount="2" falsecount="0"/>
        <line num="46" count="73" type="stmt"/>
        <line num="54" count="8" type="stmt"/>
        <line num="55" count="8" type="stmt"/>
        <line num="56" count="8" type="stmt"/>
        <line num="57" count="8" type="cond" truecount="2" falsecount="0"/>
        <line num="58" count="8" type="cond" truecount="2" falsecount="0"/>
        <line num="59" count="8" type="cond" truecount="2" falsecount="0"/>
        <line num="60" count="8" type="stmt"/>
        <line num="68" count="46" type="stmt"/>
        <line num="69" count="46" type="stmt"/>
        <line num="71" count="46" type="stmt"/>
        <line num="73" count="46" type="stmt"/>
        <line num="74" count="46" type="cond" truecount="4" falsecount="0"/>
        <line num="75" count="46" type="stmt"/>
        <line num="85" count="28" type="stmt"/>
        <line num="86" count="37" type="cond" truecount="16" falsecount="0"/>
        <line num="88" count="1" type="stmt"/>
        <line num="89" count="1" type="stmt"/>
        <line num="90" count="1" type="stmt"/>
        <line num="92" count="2" type="stmt"/>
        <line num="93" count="2" type="stmt"/>
        <line num="94" count="2" type="stmt"/>
        <line num="96" count="2" type="stmt"/>
        <line num="97" count="2" type="stmt"/>
        <line num="98" count="2" type="stmt"/>
        <line num="100" count="3" type="stmt"/>
        <line num="101" count="3" type="stmt"/>
        <line num="102" count="3" type="stmt"/>
        <line num="104" count="1" type="stmt"/>
        <line num="105" count="1" type="stmt"/>
        <line num="106" count="1" type="stmt"/>
        <line num="108" count="1" type="stmt"/>
        <line num="109" count="1" type="stmt"/>
        <line num="110" count="1" type="stmt"/>
        <line num="112" count="2" type="stmt"/>
        <line num="113" count="2" type="stmt"/>
        <line num="115" count="1" type="stmt"/>
        <line num="116" count="1" type="stmt"/>
        <line num="117" count="1" type="stmt"/>
        <line num="119" count="5" type="stmt"/>
        <line num="120" count="5" type="stmt"/>
        <line num="121" count="5" type="stmt"/>
        <line num="123" count="1" type="stmt"/>
        <line num="124" count="1" type="stmt"/>
        <line num="125" count="1" type="stmt"/>
        <line num="127" count="7" type="stmt"/>
        <line num="128" count="7" type="stmt"/>
        <line num="129" count="7" type="stmt"/>
        <line num="131" count="4" type="stmt"/>
        <line num="132" count="4" type="stmt"/>
        <line num="133" count="4" type="stmt"/>
        <line num="135" count="2" type="stmt"/>
        <line num="136" count="2" type="stmt"/>
        <line num="137" count="2" type="stmt"/>
        <line num="139" count="2" type="stmt"/>
        <line num="140" count="2" type="stmt"/>
        <line num="141" count="2" type="stmt"/>
        <line num="143" count="2" type="stmt"/>
        <line num="144" count="2" type="stmt"/>
        <line num="145" count="2" type="stmt"/>
        <line num="147" count="1" type="stmt"/>
        <line num="153" count="11" type="stmt"/>
        <line num="154" count="11" type="cond" truecount="2" falsecount="0"/>
      </file>
    </package>
    <package name="scripts.components.observer">
      <metrics statements="3" coveredstatements="3" conditionals="0" coveredconditionals="0" methods="4" coveredmethods="4"/>
      <file name="observer.ts" path="C:\Users\User\Desktop\9Slider\src\scripts\components\observer\observer.ts">
        <metrics statements="3" coveredstatements="3" conditionals="0" coveredconditionals="0" methods="4" coveredmethods="4"/>
        <line num="7" count="16" type="stmt"/>
        <line num="11" count="7" type="stmt"/>
        <line num="18" count="69" type="stmt"/>
      </file>
    </package>
    <package name="scripts.components.presenter">
      <metrics statements="10" coveredstatements="10" conditionals="0" coveredconditionals="0" methods="4" coveredmethods="4"/>
      <file name="presenter.ts" path="C:\Users\User\Desktop\9Slider\src\scripts\components\presenter\presenter.ts">
        <metrics statements="10" coveredstatements="10" conditionals="0" coveredconditionals="0" methods="4" coveredmethods="4"/>
        <line num="11" count="3" type="stmt"/>
        <line num="12" count="3" type="stmt"/>
        <line num="13" count="3" type="stmt"/>
        <line num="17" count="3" type="stmt"/>
        <line num="18" count="1" type="stmt"/>
        <line num="20" count="3" type="stmt"/>
        <line num="22" count="3" type="stmt"/>
        <line num="23" count="3" type="stmt"/>
        <line num="24" count="3" type="stmt"/>
        <line num="26" count="3" type="stmt"/>
      </file>
    </package>
    <package name="scripts.components.view">
      <metrics statements="306" coveredstatements="303" conditionals="135" coveredconditionals="132" methods="71" coveredmethods="68"/>
      <file name="abstract-view.ts" path="C:\Users\User\Desktop\9Slider\src\scripts\components\view\abstract-view.ts">
        <metrics statements="15" coveredstatements="13" conditionals="2" coveredconditionals="2" methods="7" coveredmethods="4"/>
        <line num="7" count="232" type="cond" truecount="2" falsecount="0"/>
        <line num="8" count="201" type="stmt"/>
        <line num="10" count="31" type="stmt"/>
        <line num="11" count="31" type="stmt"/>
        <line num="12" count="31" type="stmt"/>
        <line num="16" count="111" type="stmt"/>
        <line num="17" count="111" type="stmt"/>
        <line num="18" count="111" type="stmt"/>
        <line num="22" count="0" type="stmt"/>
        <line num="26" count="0" type="stmt"/>
        <line num="32" count="142" type="stmt"/>
        <line num="33" count="142" type="stmt"/>
        <line num="34" count="142" type="stmt"/>
        <line num="35" count="142" type="stmt"/>
        <line num="39" count="142" type="stmt"/>
      </file>
      <file name="configuring-view.ts" path="C:\Users\User\Desktop\9Slider\src\scripts\components\view\configuring-view.ts">
        <metrics statements="10" coveredstatements="10" conditionals="20" coveredconditionals="20" methods="5" coveredmethods="5"/>
        <line num="7" count="29" type="stmt"/>
        <line num="23" count="29" type="stmt"/>
        <line num="24" count="29" type="stmt"/>
        <line num="25" count="29" type="stmt"/>
        <line num="27" count="29" type="cond" truecount="2" falsecount="0"/>
        <line num="28" count="20" type="stmt"/>
        <line num="37" count="20" type="stmt"/>
        <line num="40" count="29" type="stmt"/>
        <line num="106" count="29" type="stmt"/>
        <line num="109" count="339" type="stmt"/>
      </file>
      <file name="flag-view.ts" path="C:\Users\User\Desktop\9Slider\src\scripts\components\view\flag-view.ts">
        <metrics statements="22" coveredstatements="22" conditionals="16" coveredconditionals="16" methods="6" coveredmethods="6"/>
        <line num="7" count="28" type="stmt"/>
        <line num="11" count="28" type="stmt"/>
        <line num="12" count="28" type="stmt"/>
        <line num="13" count="28" type="stmt"/>
        <line num="14" count="28" type="stmt"/>
        <line num="15" count="28" type="stmt"/>
        <line num="16" count="28" type="stmt"/>
        <line num="17" count="28" type="stmt"/>
        <line num="18" count="28" type="cond" truecount="2" falsecount="0"/>
        <line num="19" count="28" type="cond" truecount="2" falsecount="0"/>
        <line num="21" count="28" type="cond" truecount="2" falsecount="0"/>
        <line num="22" count="5" type="stmt"/>
        <line num="27" count="28" type="cond" truecount="2" falsecount="0"/>
        <line num="28" count="16" type="stmt"/>
        <line num="33" count="28" type="cond" truecount="2" falsecount="0"/>
        <line num="34" count="16" type="stmt"/>
        <line num="35" count="16" type="stmt"/>
        <line num="38" count="28" type="stmt"/>
        <line num="47" count="28" type="stmt"/>
        <line num="50" count="49" type="stmt"/>
        <line num="55" count="28" type="stmt"/>
        <line num="58" count="49" type="stmt"/>
      </file>
      <file name="progress-view.ts" path="C:\Users\User\Desktop\9Slider\src\scripts\components\view\progress-view.ts">
        <metrics statements="7" coveredstatements="7" conditionals="2" coveredconditionals="2" methods="4" coveredmethods="4"/>
        <line num="7" count="29" type="stmt"/>
        <line num="11" count="29" type="stmt"/>
        <line num="12" count="29" type="stmt"/>
        <line num="16" count="29" type="cond" truecount="2" falsecount="0"/>
        <line num="17" count="16" type="stmt"/>
        <line num="22" count="29" type="stmt"/>
        <line num="26" count="29" type="stmt"/>
      </file>
      <file name="scale-view.ts" path="C:\Users\User\Desktop\9Slider\src\scripts\components\view\scale-view.ts">
        <metrics statements="18" coveredstatements="18" conditionals="10" coveredconditionals="10" methods="5" coveredmethods="5"/>
        <line num="7" count="27" type="stmt"/>
        <line num="8" count="27" type="stmt"/>
        <line num="10" count="27" type="cond" truecount="2" falsecount="0"/>
        <line num="12" count="27" type="stmt"/>
        <line num="16" count="27" type="stmt"/>
        <line num="17" count="27" type="stmt"/>
        <line num="18" count="27" type="stmt"/>
        <line num="20" count="27" type="cond" truecount="2" falsecount="0"/>
        <line num="22" count="27" type="stmt"/>
        <line num="23" count="1585" type="stmt"/>
        <line num="24" count="1585" type="cond" truecount="2" falsecount="0"/>
        <line num="25" count="1585" type="cond" truecount="2" falsecount="0"/>
        <line num="27" count="1585" type="stmt"/>
        <line num="34" count="27" type="cond" truecount="2" falsecount="0"/>
        <line num="35" count="8" type="stmt"/>
        <line num="42" count="27" type="stmt"/>
        <line num="46" count="27" type="stmt"/>
        <line num="49" count="1593" type="stmt"/>
      </file>
      <file name="track-view.ts" path="C:\Users\User\Desktop\9Slider\src\scripts\components\view\track-view.ts">
        <metrics statements="26" coveredstatements="26" conditionals="10" coveredconditionals="10" methods="6" coveredmethods="6"/>
        <line num="7" count="29" type="stmt"/>
        <line num="11" count="29" type="stmt"/>
        <line num="12" count="29" type="stmt"/>
        <line num="13" count="29" type="stmt"/>
        <line num="14" count="29" type="stmt"/>
        <line num="15" count="29" type="stmt"/>
        <line num="16" count="29" type="stmt"/>
        <line num="17" count="29" type="stmt"/>
        <line num="18" count="29" type="stmt"/>
        <line num="19" count="29" type="stmt"/>
        <line num="20" count="29" type="cond" truecount="2" falsecount="0"/>
        <line num="21" count="29" type="cond" truecount="2" falsecount="0"/>
        <line num="23" count="29" type="cond" truecount="2" falsecount="0"/>
        <line num="24" count="6" type="stmt"/>
        <line num="27" count="29" type="cond" truecount="2" falsecount="0"/>
        <line num="28" count="15" type="stmt"/>
        <line num="31" count="29" type="cond" truecount="2" falsecount="0"/>
        <line num="32" count="16" type="stmt"/>
        <line num="33" count="16" type="stmt"/>
        <line num="34" count="16" type="stmt"/>
        <line num="35" count="16" type="stmt"/>
        <line num="38" count="29" type="stmt"/>
        <line num="49" count="29" type="stmt"/>
        <line num="52" count="50" type="stmt"/>
        <line num="57" count="29" type="stmt"/>
        <line num="60" count="50" type="stmt"/>
      </file>
      <file name="view.ts" path="C:\Users\User\Desktop\9Slider\src\scripts\components\view\view.ts">
        <metrics statements="208" coveredstatements="207" conditionals="75" coveredconditionals="72" methods="38" coveredmethods="38"/>
        <line num="39" count="4" type="stmt"/>
        <line num="40" count="4" type="stmt"/>
        <line num="41" count="4" type="stmt"/>
        <line num="45" count="4" type="cond" truecount="2" falsecount="0"/>
        <line num="46" count="1" type="stmt"/>
        <line num="47" count="1" type="stmt"/>
        <line num="48" count="1" type="stmt"/>
        <line num="49" count="1" type="stmt"/>
        <line num="50" count="1" type="stmt"/>
        <line num="51" count="1" type="stmt"/>
        <line num="52" count="1" type="stmt"/>
        <line num="55" count="3" type="cond" truecount="2" falsecount="0"/>
        <line num="56" count="1" type="stmt"/>
        <line num="57" count="1" type="stmt"/>
        <line num="58" count="1" type="stmt"/>
        <line num="61" count="2" type="stmt"/>
        <line num="62" count="2" type="stmt"/>
        <line num="63" count="2" type="stmt"/>
        <line num="64" count="2" type="stmt"/>
        <line num="65" count="2" type="stmt"/>
        <line num="66" count="2" type="stmt"/>
        <line num="67" count="2" type="stmt"/>
        <line num="68" count="2" type="stmt"/>
        <line num="69" count="2" type="stmt"/>
        <line num="73" count="4" type="stmt"/>
        <line num="74" count="4" type="stmt"/>
        <line num="75" count="4" type="stmt"/>
        <line num="76" count="4" type="stmt"/>
        <line num="79" count="4" type="cond" truecount="4" falsecount="1"/>
        <line num="81" count="1" type="stmt"/>
        <line num="82" count="1" type="stmt"/>
        <line num="84" count="1" type="stmt"/>
        <line num="85" count="1" type="stmt"/>
        <line num="87" count="1" type="stmt"/>
        <line num="88" count="1" type="stmt"/>
        <line num="90" count="1" type="stmt"/>
        <line num="91" count="1" type="stmt"/>
        <line num="93" count="0" type="stmt"/>
        <line num="96" count="4" type="stmt"/>
        <line num="100" count="8" type="stmt"/>
        <line num="101" count="8" type="stmt"/>
        <line num="102" count="8" type="stmt"/>
        <line num="103" count="8" type="stmt"/>
        <line num="104" count="8" type="cond" truecount="3" falsecount="0"/>
        <line num="106" count="8" type="cond" truecount="2" falsecount="0"/>
        <line num="107" count="5" type="stmt"/>
        <line num="108" count="5" type="stmt"/>
        <line num="109" count="5" type="stmt"/>
        <line num="112" count="8" type="cond" truecount="2" falsecount="0"/>
        <line num="113" count="1" type="stmt"/>
        <line num="116" count="8" type="cond" truecount="2" falsecount="0"/>
        <line num="117" count="1" type="stmt"/>
        <line num="118" count="1" type="stmt"/>
        <line num="124" count="8" type="stmt"/>
        <line num="125" count="8" type="stmt"/>
        <line num="126" count="8" type="stmt"/>
        <line num="127" count="8" type="cond" truecount="3" falsecount="0"/>
        <line num="129" count="8" type="cond" truecount="2" falsecount="0"/>
        <line num="130" count="1" type="stmt"/>
        <line num="141" count="4" type="stmt"/>
        <line num="142" count="4" type="stmt"/>
        <line num="143" count="4" type="stmt"/>
        <line num="144" count="4" type="stmt"/>
        <line num="145" count="4" type="stmt"/>
        <line num="146" count="4" type="stmt"/>
        <line num="147" count="4" type="stmt"/>
        <line num="148" count="4" type="stmt"/>
        <line num="149" count="4" type="stmt"/>
        <line num="150" count="4" type="stmt"/>
        <line num="153" count="4" type="cond" truecount="2" falsecount="0"/>
        <line num="154" count="2" type="stmt"/>
        <line num="156" count="2" type="stmt"/>
        <line num="159" count="4" type="cond" truecount="2" falsecount="0"/>
        <line num="161" count="4" type="stmt"/>
        <line num="163" count="4" type="cond" truecount="2" falsecount="0"/>
        <line num="164" count="3" type="cond" truecount="2" falsecount="0"/>
        <line num="165" count="1" type="stmt"/>
        <line num="166" count="3" type="cond" truecount="2" falsecount="0"/>
        <line num="167" count="1" type="stmt"/>
        <line num="169" count="4" type="stmt"/>
        <line num="171" count="4" type="cond" truecount="2" falsecount="0"/>
        <line num="172" count="2" type="stmt"/>
        <line num="177" count="2" type="stmt"/>
        <line num="185" count="4" type="stmt"/>
        <line num="186" count="4" type="stmt"/>
        <line num="190" count="4" type="stmt"/>
        <line num="191" count="8" type="stmt"/>
        <line num="194" count="4" type="stmt"/>
        <line num="195" count="4" type="stmt"/>
        <line num="198" count="4" type="stmt"/>
        <line num="199" count="1" type="stmt"/>
        <line num="202" count="4" type="stmt"/>
        <line num="203" count="3" type="stmt"/>
        <line num="206" count="4" type="stmt"/>
        <line num="207" count="4" type="stmt"/>
        <line num="212" count="4" type="stmt"/>
        <line num="213" count="4" type="stmt"/>
        <line num="214" count="4" type="stmt"/>
        <line num="215" count="4" type="stmt"/>
        <line num="216" count="4" type="stmt"/>
        <line num="225" count="2" type="stmt"/>
        <line num="226" count="2" type="stmt"/>
        <line num="227" count="2" type="stmt"/>
        <line num="228" count="2" type="stmt"/>
        <line num="232" count="2" type="stmt"/>
        <line num="233" count="2" type="cond" truecount="1" falsecount="1"/>
        <line num="234" count="2" type="stmt"/>
        <line num="235" count="2" type="stmt"/>
        <line num="237" count="2" type="cond" truecount="2" falsecount="0"/>
        <line num="238" count="1" type="stmt"/>
        <line num="239" count="1" type="stmt"/>
        <line num="240" count="1" type="stmt"/>
        <line num="243" count="2" type="cond" truecount="2" falsecount="0"/>
        <line num="244" count="1" type="stmt"/>
        <line num="245" count="1" type="stmt"/>
        <line num="246" count="1" type="stmt"/>
        <line num="248" count="2" type="cond" truecount="2" falsecount="0"/>
        <line num="249" count="1" type="stmt"/>
        <line num="250" count="2" type="stmt"/>
        <line num="259" count="2" type="stmt"/>
        <line num="260" count="2" type="stmt"/>
        <line num="261" count="2" type="stmt"/>
        <line num="265" count="2" type="stmt"/>
        <line num="266" count="2" type="cond" truecount="1" falsecount="1"/>
        <line num="267" count="2" type="stmt"/>
        <line num="268" count="2" type="stmt"/>
        <line num="270" count="2" type="cond" truecount="2" falsecount="0"/>
        <line num="271" count="1" type="stmt"/>
        <line num="272" count="1" type="stmt"/>
        <line num="273" count="1" type="stmt"/>
        <line num="278" count="2" type="cond" truecount="2" falsecount="0"/>
        <line num="279" count="1" type="stmt"/>
        <line num="280" count="1" type="stmt"/>
        <line num="281" count="1" type="stmt"/>
        <line num="285" count="2" type="cond" truecount="2" falsecount="0"/>
        <line num="286" count="1" type="stmt"/>
        <line num="287" count="2" type="stmt"/>
        <line num="291" count="3" type="stmt"/>
        <line num="297" count="2" type="stmt"/>
        <line num="303" count="3" type="stmt"/>
        <line num="309" count="2" type="stmt"/>
        <line num="315" count="2" type="stmt"/>
        <line num="325" count="8" type="stmt"/>
        <line num="326" count="8" type="stmt"/>
        <line num="328" count="8" type="stmt"/>
        <line num="329" count="8" type="stmt"/>
        <line num="330" count="8" type="cond" truecount="2" falsecount="0"/>
        <line num="332" count="8" type="cond" truecount="2" falsecount="0"/>
        <line num="333" count="4" type="stmt"/>
        <line num="334" count="2" type="stmt"/>
        <line num="336" count="4" type="stmt"/>
        <line num="337" count="2" type="stmt"/>
        <line num="340" count="8" type="stmt"/>
        <line num="341" count="4" type="stmt"/>
        <line num="342" count="4" type="stmt"/>
        <line num="343" count="4" type="stmt"/>
        <line num="344" count="4" type="stmt"/>
        <line num="347" count="8" type="stmt"/>
        <line num="348" count="8" type="stmt"/>
        <line num="349" count="8" type="stmt"/>
        <line num="350" count="8" type="stmt"/>
        <line num="354" count="4" type="stmt"/>
        <line num="355" count="4" type="stmt"/>
        <line num="356" count="4" type="stmt"/>
        <line num="357" count="4" type="stmt"/>
        <line num="369" count="6" type="stmt"/>
        <line num="370" count="6" type="cond" truecount="2" falsecount="0"/>
        <line num="371" count="3" type="stmt"/>
        <line num="373" count="3" type="stmt"/>
        <line num="375" count="6" type="cond" truecount="2" falsecount="0"/>
        <line num="379" count="4" type="stmt"/>
        <line num="380" count="4" type="stmt"/>
        <line num="381" count="4" type="stmt"/>
        <line num="382" count="4" type="stmt"/>
        <line num="389" count="3" type="cond" truecount="2" falsecount="0"/>
        <line num="390" count="1" type="stmt"/>
        <line num="397" count="3" type="cond" truecount="2" falsecount="0"/>
        <line num="398" count="1" type="stmt"/>
        <line num="405" count="3" type="cond" truecount="2" falsecount="0"/>
        <line num="406" count="1" type="stmt"/>
        <line num="413" count="3" type="cond" truecount="2" falsecount="0"/>
        <line num="414" count="2" type="stmt"/>
        <line num="417" count="2" type="stmt"/>
        <line num="420" count="2" type="stmt"/>
        <line num="421" count="2" type="stmt"/>
        <line num="422" count="2" type="stmt"/>
        <line num="423" count="201" type="stmt"/>
        <line num="424" count="201" type="cond" truecount="2" falsecount="0"/>
        <line num="425" count="179" type="stmt"/>
        <line num="426" count="179" type="stmt"/>
        <line num="428" count="22" type="stmt"/>
        <line num="429" count="22" type="cond" truecount="2" falsecount="0"/>
        <line num="430" count="22" type="stmt"/>
        <line num="431" count="22" type="stmt"/>
        <line num="437" count="1" type="stmt"/>
        <line num="441" count="5" type="stmt"/>
        <line num="446" count="5" type="stmt"/>
        <line num="447" count="5" type="cond" truecount="2" falsecount="0"/>
        <line num="448" count="4" type="stmt"/>
        <line num="450" count="1" type="stmt"/>
        <line num="455" count="5" type="stmt"/>
        <line num="460" count="5" type="stmt"/>
        <line num="461" count="5" type="cond" truecount="2" falsecount="0"/>
        <line num="462" count="4" type="stmt"/>
        <line num="464" count="1" type="stmt"/>
        <line num="469" count="5" type="stmt"/>
        <line num="474" count="5" type="stmt"/>
        <line num="475" count="5" type="stmt"/>
      </file>
    </package>
  </project>
</coverage>
