{"C:\\Users\\User\\Desktop\\9Slider\\src\\scripts\\const.ts": {"path":"C:\\Users\\User\\Desktop\\9Slider\\src\\scripts\\const.ts","statementMap":{"0":{"start":{"line":1,"column":19},"end":{"line":1,"column":25}},"1":{"start":{"line":2,"column":17},"end":{"line":2,"column":27}},"2":{"start":{"line":3,"column":19},"end":{"line":3,"column":31}},"3":{"start":{"line":4,"column":12},"end":{"line":4,"column":17}},"4":{"start":{"line":5,"column":14},"end":{"line":5,"column":21}},"5":{"start":{"line":6,"column":13},"end":{"line":6,"column":19}},"6":{"start":{"line":7,"column":17},"end":{"line":7,"column":27}},"7":{"start":{"line":8,"column":12},"end":{"line":8,"column":17}},"8":{"start":{"line":9,"column":12},"end":{"line":9,"column":17}},"9":{"start":{"line":10,"column":14},"end":{"line":10,"column":21}},"10":{"start":{"line":11,"column":13},"end":{"line":11,"column":19}},"11":{"start":{"line":12,"column":13},"end":{"line":12,"column":19}},"12":{"start":{"line":13,"column":23},"end":{"line":13,"column":47}},"13":{"start":{"line":14,"column":23},"end":{"line":14,"column":47}},"14":{"start":{"line":15,"column":32},"end":{"line":15,"column":65}},"15":{"start":{"line":16,"column":32},"end":{"line":16,"column":65}},"16":{"start":{"line":17,"column":13},"end":{"line":17,"column":27}},"17":{"start":{"line":18,"column":21},"end":{"line":18,"column":43}},"18":{"start":{"line":19,"column":21},"end":{"line":19,"column":43}}},"fnMap":{},"branchMap":{},"s":{"0":7,"1":7,"2":7,"3":7,"4":7,"5":7,"6":7,"7":7,"8":7,"9":7,"10":7,"11":7,"12":7,"13":7,"14":7,"15":7,"16":7,"17":7,"18":7},"f":{},"b":{},"_coverageSchema":"1a1c01bbd47fc00a2c39e90264f33305004495a9","hash":"e0dbee615eea18c61105aac5fa83acaf02bfdce7"}
,"C:\\Users\\User\\Desktop\\9Slider\\src\\scripts\\components\\model\\model.ts": {"path":"C:\\Users\\User\\Desktop\\9Slider\\src\\scripts\\components\\model\\model.ts","statementMap":{"0":{"start":{"line":10,"column":4},"end":{"line":10,"column":12}},"1":{"start":{"line":11,"column":4},"end":{"line":11,"column":21}},"2":{"start":{"line":12,"column":4},"end":{"line":12,"column":23}},"3":{"start":{"line":13,"column":4},"end":{"line":13,"column":26}},"4":{"start":{"line":17,"column":39},"end":{"line":17,"column":59}},"5":{"start":{"line":18,"column":16},"end":{"line":18,"column":17}},"6":{"start":{"line":19,"column":4},"end":{"line":19,"column":58}},"7":{"start":{"line":19,"column":24},"end":{"line":19,"column":58}},"8":{"start":{"line":20,"column":20},"end":{"line":20,"column":39}},"9":{"start":{"line":21,"column":4},"end":{"line":25,"column":6}},"10":{"start":{"line":29,"column":4},"end":{"line":29,"column":22}},"11":{"start":{"line":33,"column":55},"end":{"line":33,"column":65}},"12":{"start":{"line":34,"column":30},"end":{"line":34,"column":48}},"13":{"start":{"line":35,"column":32},"end":{"line":35,"column":47}},"14":{"start":{"line":37,"column":6},"end":{"line":37,"column":52}},"15":{"start":{"line":38,"column":4},"end":{"line":38,"column":53}},"16":{"start":{"line":38,"column":31},"end":{"line":38,"column":53}},"17":{"start":{"line":39,"column":4},"end":{"line":39,"column":73}},"18":{"start":{"line":39,"column":49},"end":{"line":39,"column":73}},"19":{"start":{"line":40,"column":4},"end":{"line":42,"column":5}},"20":{"start":{"line":41,"column":6},"end":{"line":41,"column":71}},"21":{"start":{"line":41,"column":41},"end":{"line":41,"column":71}},"22":{"start":{"line":43,"column":4},"end":{"line":45,"column":5}},"23":{"start":{"line":44,"column":6},"end":{"line":44,"column":75}},"24":{"start":{"line":44,"column":43},"end":{"line":44,"column":75}},"25":{"start":{"line":46,"column":4},"end":{"line":50,"column":6}},"26":{"start":{"line":54,"column":16},"end":{"line":54,"column":19}},"27":{"start":{"line":55,"column":25},"end":{"line":55,"column":35}},"28":{"start":{"line":56,"column":25},"end":{"line":56,"column":34}},"29":{"start":{"line":57,"column":4},"end":{"line":57,"column":31}},"30":{"start":{"line":57,"column":21},"end":{"line":57,"column":31}},"31":{"start":{"line":58,"column":4},"end":{"line":58,"column":43}},"32":{"start":{"line":58,"column":19},"end":{"line":58,"column":43}},"33":{"start":{"line":59,"column":4},"end":{"line":59,"column":51}},"34":{"start":{"line":59,"column":30},"end":{"line":59,"column":51}},"35":{"start":{"line":60,"column":4},"end":{"line":60,"column":17}},"36":{"start":{"line":68,"column":38},"end":{"line":68,"column":48}},"37":{"start":{"line":69,"column":28},"end":{"line":69,"column":48}},"38":{"start":{"line":71,"column":6},"end":{"line":72,"column":20}},"39":{"start":{"line":73,"column":21},"end":{"line":73,"column":43}},"40":{"start":{"line":74,"column":23},"end":{"line":74,"column":66}},"41":{"start":{"line":75,"column":4},"end":{"line":81,"column":6}},"42":{"start":{"line":85,"column":4},"end":{"line":149,"column":7}},"43":{"start":{"line":86,"column":6},"end":{"line":148,"column":7}},"44":{"start":{"line":88,"column":10},"end":{"line":88,"column":45}},"45":{"start":{"line":89,"column":10},"end":{"line":89,"column":31}},"46":{"start":{"line":90,"column":10},"end":{"line":90,"column":16}},"47":{"start":{"line":92,"column":10},"end":{"line":92,"column":45}},"48":{"start":{"line":93,"column":10},"end":{"line":93,"column":31}},"49":{"start":{"line":94,"column":10},"end":{"line":94,"column":16}},"50":{"start":{"line":96,"column":10},"end":{"line":96,"column":46}},"51":{"start":{"line":97,"column":10},"end":{"line":97,"column":31}},"52":{"start":{"line":98,"column":10},"end":{"line":98,"column":16}},"53":{"start":{"line":100,"column":10},"end":{"line":100,"column":44}},"54":{"start":{"line":101,"column":10},"end":{"line":101,"column":37}},"55":{"start":{"line":102,"column":10},"end":{"line":102,"column":16}},"56":{"start":{"line":104,"column":10},"end":{"line":104,"column":51}},"57":{"start":{"line":105,"column":10},"end":{"line":105,"column":37}},"58":{"start":{"line":106,"column":10},"end":{"line":106,"column":16}},"59":{"start":{"line":108,"column":10},"end":{"line":108,"column":47}},"60":{"start":{"line":109,"column":10},"end":{"line":109,"column":31}},"61":{"start":{"line":110,"column":10},"end":{"line":110,"column":16}},"62":{"start":{"line":112,"column":10},"end":{"line":112,"column":47}},"63":{"start":{"line":113,"column":10},"end":{"line":113,"column":16}},"64":{"start":{"line":115,"column":10},"end":{"line":115,"column":53}},"65":{"start":{"line":116,"column":10},"end":{"line":116,"column":31}},"66":{"start":{"line":117,"column":10},"end":{"line":117,"column":16}},"67":{"start":{"line":119,"column":10},"end":{"line":119,"column":46}},"68":{"start":{"line":120,"column":10},"end":{"line":120,"column":37}},"69":{"start":{"line":121,"column":10},"end":{"line":121,"column":16}},"70":{"start":{"line":123,"column":10},"end":{"line":123,"column":53}},"71":{"start":{"line":124,"column":10},"end":{"line":124,"column":37}},"72":{"start":{"line":125,"column":10},"end":{"line":125,"column":16}},"73":{"start":{"line":127,"column":10},"end":{"line":127,"column":46}},"74":{"start":{"line":128,"column":10},"end":{"line":128,"column":31}},"75":{"start":{"line":129,"column":10},"end":{"line":129,"column":16}},"76":{"start":{"line":131,"column":10},"end":{"line":131,"column":47}},"77":{"start":{"line":132,"column":10},"end":{"line":132,"column":31}},"78":{"start":{"line":133,"column":10},"end":{"line":133,"column":16}},"79":{"start":{"line":135,"column":10},"end":{"line":135,"column":47}},"80":{"start":{"line":136,"column":10},"end":{"line":136,"column":31}},"81":{"start":{"line":137,"column":10},"end":{"line":137,"column":16}},"82":{"start":{"line":139,"column":10},"end":{"line":139,"column":51}},"83":{"start":{"line":140,"column":10},"end":{"line":140,"column":31}},"84":{"start":{"line":141,"column":10},"end":{"line":141,"column":16}},"85":{"start":{"line":143,"column":10},"end":{"line":143,"column":48}},"86":{"start":{"line":144,"column":10},"end":{"line":144,"column":31}},"87":{"start":{"line":145,"column":10},"end":{"line":145,"column":16}},"88":{"start":{"line":147,"column":10},"end":{"line":147,"column":16}},"89":{"start":{"line":153,"column":4},"end":{"line":153,"column":32}},"90":{"start":{"line":154,"column":4},"end":{"line":156,"column":27}}},"fnMap":{"0":{"name":"(anonymous_0)","decl":{"start":{"line":9,"column":2},"end":{"line":9,"column":3}},"loc":{"start":{"line":9,"column":51},"end":{"line":14,"column":3}},"line":9},"1":{"name":"(anonymous_1)","decl":{"start":{"line":16,"column":2},"end":{"line":16,"column":3}},"loc":{"start":{"line":16,"column":27},"end":{"line":26,"column":3}},"line":16},"2":{"name":"(anonymous_2)","decl":{"start":{"line":28,"column":2},"end":{"line":28,"column":3}},"loc":{"start":{"line":28,"column":31},"end":{"line":30,"column":3}},"line":28},"3":{"name":"(anonymous_3)","decl":{"start":{"line":32,"column":2},"end":{"line":32,"column":3}},"loc":{"start":{"line":32,"column":52},"end":{"line":51,"column":3}},"line":32},"4":{"name":"(anonymous_4)","decl":{"start":{"line":53,"column":2},"end":{"line":53,"column":3}},"loc":{"start":{"line":53,"column":35},"end":{"line":61,"column":3}},"line":53},"5":{"name":"(anonymous_5)","decl":{"start":{"line":63,"column":2},"end":{"line":63,"column":3}},"loc":{"start":{"line":67,"column":4},"end":{"line":82,"column":3}},"line":67},"6":{"name":"(anonymous_6)","decl":{"start":{"line":84,"column":2},"end":{"line":84,"column":3}},"loc":{"start":{"line":84,"column":73},"end":{"line":150,"column":3}},"line":84},"7":{"name":"(anonymous_7)","decl":{"start":{"line":85,"column":17},"end":{"line":85,"column":18}},"loc":{"start":{"line":85,"column":29},"end":{"line":149,"column":5}},"line":85},"8":{"name":"(anonymous_8)","decl":{"start":{"line":152,"column":2},"end":{"line":152,"column":3}},"loc":{"start":{"line":152,"column":33},"end":{"line":157,"column":3}},"line":152}},"branchMap":{"0":{"loc":{"start":{"line":19,"column":4},"end":{"line":19,"column":58}},"type":"if","locations":[{"start":{"line":19,"column":4},"end":{"line":19,"column":58}},{"start":{"line":19,"column":4},"end":{"line":19,"column":58}}],"line":19},"1":{"loc":{"start":{"line":38,"column":4},"end":{"line":38,"column":53}},"type":"if","locations":[{"start":{"line":38,"column":4},"end":{"line":38,"column":53}},{"start":{"line":38,"column":4},"end":{"line":38,"column":53}}],"line":38},"2":{"loc":{"start":{"line":39,"column":4},"end":{"line":39,"column":73}},"type":"if","locations":[{"start":{"line":39,"column":4},"end":{"line":39,"column":73}},{"start":{"line":39,"column":4},"end":{"line":39,"column":73}}],"line":39},"3":{"loc":{"start":{"line":39,"column":8},"end":{"line":39,"column":47}},"type":"binary-expr","locations":[{"start":{"line":39,"column":8},"end":{"line":39,"column":20}},{"start":{"line":39,"column":24},"end":{"line":39,"column":47}}],"line":39},"4":{"loc":{"start":{"line":40,"column":4},"end":{"line":42,"column":5}},"type":"if","locations":[{"start":{"line":40,"column":4},"end":{"line":42,"column":5}},{"start":{"line":40,"column":4},"end":{"line":42,"column":5}}],"line":40},"5":{"loc":{"start":{"line":41,"column":6},"end":{"line":41,"column":71}},"type":"if","locations":[{"start":{"line":41,"column":6},"end":{"line":41,"column":71}},{"start":{"line":41,"column":6},"end":{"line":41,"column":71}}],"line":41},"6":{"loc":{"start":{"line":43,"column":4},"end":{"line":45,"column":5}},"type":"if","locations":[{"start":{"line":43,"column":4},"end":{"line":45,"column":5}},{"start":{"line":43,"column":4},"end":{"line":45,"column":5}}],"line":43},"7":{"loc":{"start":{"line":44,"column":6},"end":{"line":44,"column":75}},"type":"if","locations":[{"start":{"line":44,"column":6},"end":{"line":44,"column":75}},{"start":{"line":44,"column":6},"end":{"line":44,"column":75}}],"line":44},"8":{"loc":{"start":{"line":57,"column":4},"end":{"line":57,"column":31}},"type":"if","locations":[{"start":{"line":57,"column":4},"end":{"line":57,"column":31}},{"start":{"line":57,"column":4},"end":{"line":57,"column":31}}],"line":57},"9":{"loc":{"start":{"line":58,"column":4},"end":{"line":58,"column":43}},"type":"if","locations":[{"start":{"line":58,"column":4},"end":{"line":58,"column":43}},{"start":{"line":58,"column":4},"end":{"line":58,"column":43}}],"line":58},"10":{"loc":{"start":{"line":59,"column":4},"end":{"line":59,"column":51}},"type":"if","locations":[{"start":{"line":59,"column":4},"end":{"line":59,"column":51}},{"start":{"line":59,"column":4},"end":{"line":59,"column":51}}],"line":59},"11":{"loc":{"start":{"line":74,"column":24},"end":{"line":74,"column":41}},"type":"binary-expr","locations":[{"start":{"line":74,"column":24},"end":{"line":74,"column":34}},{"start":{"line":74,"column":38},"end":{"line":74,"column":41}}],"line":74},"12":{"loc":{"start":{"line":74,"column":47},"end":{"line":74,"column":65}},"type":"binary-expr","locations":[{"start":{"line":74,"column":47},"end":{"line":74,"column":58}},{"start":{"line":74,"column":62},"end":{"line":74,"column":65}}],"line":74},"13":{"loc":{"start":{"line":86,"column":6},"end":{"line":148,"column":7}},"type":"switch","locations":[{"start":{"line":87,"column":8},"end":{"line":90,"column":16}},{"start":{"line":91,"column":8},"end":{"line":94,"column":16}},{"start":{"line":95,"column":8},"end":{"line":98,"column":16}},{"start":{"line":99,"column":8},"end":{"line":102,"column":16}},{"start":{"line":103,"column":8},"end":{"line":106,"column":16}},{"start":{"line":107,"column":8},"end":{"line":110,"column":16}},{"start":{"line":111,"column":8},"end":{"line":113,"column":16}},{"start":{"line":114,"column":8},"end":{"line":117,"column":16}},{"start":{"line":118,"column":8},"end":{"line":121,"column":16}},{"start":{"line":122,"column":8},"end":{"line":125,"column":16}},{"start":{"line":126,"column":8},"end":{"line":129,"column":16}},{"start":{"line":130,"column":8},"end":{"line":133,"column":16}},{"start":{"line":134,"column":8},"end":{"line":137,"column":16}},{"start":{"line":138,"column":8},"end":{"line":141,"column":16}},{"start":{"line":142,"column":8},"end":{"line":145,"column":16}},{"start":{"line":146,"column":8},"end":{"line":147,"column":16}}],"line":86},"14":{"loc":{"start":{"line":154,"column":26},"end":{"line":156,"column":26}},"type":"cond-expr","locations":[{"start":{"line":155,"column":8},"end":{"line":155,"column":33}},{"start":{"line":156,"column":8},"end":{"line":156,"column":26}}],"line":154}},"s":{"0":11,"1":11,"2":11,"3":11,"4":6,"5":6,"6":6,"7":3,"8":6,"9":6,"10":1,"11":73,"12":73,"13":73,"14":73,"15":73,"16":1,"17":73,"18":1,"19":73,"20":6,"21":1,"22":73,"23":6,"24":1,"25":73,"26":8,"27":8,"28":8,"29":8,"30":1,"31":8,"32":1,"33":8,"34":5,"35":8,"36":46,"37":46,"38":46,"39":46,"40":46,"41":46,"42":28,"43":37,"44":1,"45":1,"46":1,"47":2,"48":2,"49":2,"50":2,"51":2,"52":2,"53":3,"54":3,"55":3,"56":1,"57":1,"58":1,"59":1,"60":1,"61":1,"62":2,"63":2,"64":1,"65":1,"66":1,"67":5,"68":5,"69":5,"70":1,"71":1,"72":1,"73":7,"74":7,"75":7,"76":4,"77":4,"78":4,"79":2,"80":2,"81":2,"82":2,"83":2,"84":2,"85":2,"86":2,"87":2,"88":1,"89":11,"90":11},"f":{"0":11,"1":6,"2":1,"3":73,"4":8,"5":46,"6":28,"7":37,"8":11},"b":{"0":[3,3],"1":[1,72],"2":[1,72],"3":[73,72],"4":[6,67],"5":[1,5],"6":[6,67],"7":[1,5],"8":[1,7],"9":[1,7],"10":[5,3],"11":[46,42],"12":[46,41],"13":[1,2,2,3,1,1,2,1,5,1,7,4,2,2,2,1],"14":[1,10]},"_coverageSchema":"1a1c01bbd47fc00a2c39e90264f33305004495a9","hash":"b13a3e5a0949699f8e1710dce6af8f0ecb845d96"}
,"C:\\Users\\User\\Desktop\\9Slider\\src\\scripts\\components\\observer\\observer.ts": {"path":"C:\\Users\\User\\Desktop\\9Slider\\src\\scripts\\components\\observer\\observer.ts","statementMap":{"0":{"start":{"line":7,"column":4},"end":{"line":7,"column":24}},"1":{"start":{"line":11,"column":4},"end":{"line":11,"column":28}},"2":{"start":{"line":18,"column":4},"end":{"line":18,"column":69}},"3":{"start":{"line":18,"column":43},"end":{"line":18,"column":67}}},"fnMap":{"0":{"name":"(anonymous_0)","decl":{"start":{"line":6,"column":2},"end":{"line":6,"column":3}},"loc":{"start":{"line":6,"column":16},"end":{"line":8,"column":3}},"line":6},"1":{"name":"(anonymous_1)","decl":{"start":{"line":10,"column":2},"end":{"line":10,"column":3}},"loc":{"start":{"line":10,"column":33},"end":{"line":12,"column":3}},"line":10},"2":{"name":"(anonymous_2)","decl":{"start":{"line":14,"column":2},"end":{"line":14,"column":3}},"loc":{"start":{"line":17,"column":4},"end":{"line":19,"column":3}},"line":17},"3":{"name":"(anonymous_3)","decl":{"start":{"line":18,"column":27},"end":{"line":18,"column":28}},"loc":{"start":{"line":18,"column":43},"end":{"line":18,"column":67}},"line":18}},"branchMap":{},"s":{"0":16,"1":7,"2":69,"3":5},"f":{"0":16,"1":7,"2":69,"3":5},"b":{},"_coverageSchema":"1a1c01bbd47fc00a2c39e90264f33305004495a9","hash":"74c9390e77b3def12a89ba41e9fb4c5f60182f7c"}
,"C:\\Users\\User\\Desktop\\9Slider\\src\\scripts\\components\\presenter\\presenter.ts": {"path":"C:\\Users\\User\\Desktop\\9Slider\\src\\scripts\\components\\presenter\\presenter.ts","statementMap":{"0":{"start":{"line":11,"column":4},"end":{"line":11,"column":40}},"1":{"start":{"line":12,"column":4},"end":{"line":12,"column":27}},"2":{"start":{"line":13,"column":4},"end":{"line":13,"column":16}},"3":{"start":{"line":17,"column":19},"end":{"line":19,"column":5}},"4":{"start":{"line":18,"column":6},"end":{"line":18,"column":40}},"5":{"start":{"line":20,"column":4},"end":{"line":20,"column":32}},"6":{"start":{"line":22,"column":20},"end":{"line":23,"column":39}},"7":{"start":{"line":23,"column":6},"end":{"line":23,"column":39}},"8":{"start":{"line":24,"column":4},"end":{"line":24,"column":34}},"9":{"start":{"line":26,"column":4},"end":{"line":26,"column":37}}},"fnMap":{"0":{"name":"(anonymous_0)","decl":{"start":{"line":10,"column":2},"end":{"line":10,"column":3}},"loc":{"start":{"line":10,"column":51},"end":{"line":14,"column":3}},"line":10},"1":{"name":"(anonymous_1)","decl":{"start":{"line":16,"column":2},"end":{"line":16,"column":3}},"loc":{"start":{"line":16,"column":17},"end":{"line":27,"column":3}},"line":16},"2":{"name":"(anonymous_2)","decl":{"start":{"line":17,"column":19},"end":{"line":17,"column":20}},"loc":{"start":{"line":17,"column":78},"end":{"line":19,"column":5}},"line":17},"3":{"name":"(anonymous_3)","decl":{"start":{"line":22,"column":20},"end":{"line":22,"column":21}},"loc":{"start":{"line":23,"column":6},"end":{"line":23,"column":39}},"line":23}},"branchMap":{},"s":{"0":3,"1":3,"2":3,"3":3,"4":1,"5":3,"6":3,"7":3,"8":3,"9":3},"f":{"0":3,"1":3,"2":1,"3":3},"b":{},"_coverageSchema":"1a1c01bbd47fc00a2c39e90264f33305004495a9","hash":"69dc2a2e851c44762bfd364a80d112916e20f59e"}
,"C:\\Users\\User\\Desktop\\9Slider\\src\\scripts\\components\\view\\abstract-view.ts": {"path":"C:\\Users\\User\\Desktop\\9Slider\\src\\scripts\\components\\view\\abstract-view.ts","statementMap":{"0":{"start":{"line":7,"column":4},"end":{"line":9,"column":5}},"1":{"start":{"line":8,"column":6},"end":{"line":8,"column":23}},"2":{"start":{"line":10,"column":4},"end":{"line":10,"column":41}},"3":{"start":{"line":11,"column":4},"end":{"line":11,"column":21}},"4":{"start":{"line":12,"column":4},"end":{"line":12,"column":21}},"5":{"start":{"line":16,"column":4},"end":{"line":16,"column":41}},"6":{"start":{"line":17,"column":4},"end":{"line":17,"column":21}},"7":{"start":{"line":18,"column":4},"end":{"line":18,"column":21}},"8":{"start":{"line":22,"column":4},"end":{"line":22,"column":14}},"9":{"start":{"line":26,"column":4},"end":{"line":26,"column":14}},"10":{"start":{"line":32,"column":36},"end":{"line":32,"column":65}},"11":{"start":{"line":33,"column":4},"end":{"line":33,"column":37}},"12":{"start":{"line":34,"column":4},"end":{"line":34,"column":36}},"13":{"start":{"line":35,"column":4},"end":{"line":35,"column":22}},"14":{"start":{"line":39,"column":4},"end":{"line":42,"column":6}}},"fnMap":{"0":{"name":"(anonymous_0)","decl":{"start":{"line":6,"column":2},"end":{"line":6,"column":3}},"loc":{"start":{"line":6,"column":51},"end":{"line":13,"column":3}},"line":6},"1":{"name":"(anonymous_1)","decl":{"start":{"line":15,"column":2},"end":{"line":15,"column":3}},"loc":{"start":{"line":15,"column":58},"end":{"line":19,"column":3}},"line":15},"2":{"name":"(anonymous_2)","decl":{"start":{"line":21,"column":2},"end":{"line":21,"column":3}},"loc":{"start":{"line":21,"column":51},"end":{"line":23,"column":3}},"line":21},"3":{"name":"(anonymous_3)","decl":{"start":{"line":25,"column":2},"end":{"line":25,"column":3}},"loc":{"start":{"line":25,"column":50},"end":{"line":27,"column":3}},"line":25},"4":{"name":"(anonymous_4)","decl":{"start":{"line":29,"column":2},"end":{"line":29,"column":3}},"loc":{"start":{"line":29,"column":41},"end":{"line":29,"column":43}},"line":29},"5":{"name":"(anonymous_5)","decl":{"start":{"line":31,"column":2},"end":{"line":31,"column":3}},"loc":{"start":{"line":31,"column":74},"end":{"line":36,"column":3}},"line":31},"6":{"name":"(anonymous_6)","decl":{"start":{"line":38,"column":2},"end":{"line":38,"column":3}},"loc":{"start":{"line":38,"column":48},"end":{"line":43,"column":3}},"line":38}},"branchMap":{"0":{"loc":{"start":{"line":7,"column":4},"end":{"line":9,"column":5}},"type":"if","locations":[{"start":{"line":7,"column":4},"end":{"line":9,"column":5}},{"start":{"line":7,"column":4},"end":{"line":9,"column":5}}],"line":7}},"s":{"0":232,"1":201,"2":31,"3":31,"4":31,"5":111,"6":111,"7":111,"8":0,"9":0,"10":142,"11":142,"12":142,"13":142,"14":142},"f":{"0":232,"1":111,"2":0,"3":0,"4":0,"5":142,"6":142},"b":{"0":[201,31]},"_coverageSchema":"1a1c01bbd47fc00a2c39e90264f33305004495a9","hash":"c97c5f420b1629c73d50d4308b5d67f8c08736ff"}
,"C:\\Users\\User\\Desktop\\9Slider\\src\\scripts\\components\\view\\configuring-view.ts": {"path":"C:\\Users\\User\\Desktop\\9Slider\\src\\scripts\\components\\view\\configuring-view.ts","statementMap":{"0":{"start":{"line":7,"column":4},"end":{"line":7,"column":28}},"1":{"start":{"line":23,"column":8},"end":{"line":23,"column":13}},"2":{"start":{"line":24,"column":23},"end":{"line":24,"column":25}},"3":{"start":{"line":25,"column":21},"end":{"line":25,"column":39}},"4":{"start":{"line":27,"column":4},"end":{"line":38,"column":5}},"5":{"start":{"line":28,"column":6},"end":{"line":36,"column":8}},"6":{"start":{"line":37,"column":6},"end":{"line":37,"column":24}},"7":{"start":{"line":40,"column":4},"end":{"line":102,"column":6}},"8":{"start":{"line":106,"column":4},"end":{"line":113,"column":8}},"9":{"start":{"line":109,"column":8},"end":{"line":112,"column":9}}},"fnMap":{"0":{"name":"(anonymous_0)","decl":{"start":{"line":6,"column":2},"end":{"line":6,"column":3}},"loc":{"start":{"line":6,"column":17},"end":{"line":8,"column":3}},"line":6},"1":{"name":"(anonymous_1)","decl":{"start":{"line":10,"column":2},"end":{"line":10,"column":3}},"loc":{"start":{"line":10,"column":32},"end":{"line":103,"column":3}},"line":10},"2":{"name":"(anonymous_2)","decl":{"start":{"line":105,"column":2},"end":{"line":105,"column":3}},"loc":{"start":{"line":105,"column":25},"end":{"line":114,"column":3}},"line":105},"3":{"name":"(anonymous_3)","decl":{"start":{"line":108,"column":15},"end":{"line":108,"column":16}},"loc":{"start":{"line":109,"column":8},"end":{"line":112,"column":9}},"line":109},"4":{"name":"(anonymous_4)","decl":{"start":{"line":116,"column":2},"end":{"line":116,"column":3}},"loc":{"start":{"line":116,"column":63},"end":{"line":116,"column":65}},"line":116}},"branchMap":{"0":{"loc":{"start":{"line":27,"column":4},"end":{"line":38,"column":5}},"type":"if","locations":[{"start":{"line":27,"column":4},"end":{"line":38,"column":5}},{"start":{"line":27,"column":4},"end":{"line":38,"column":5}}],"line":27},"1":{"loc":{"start":{"line":33,"column":12},"end":{"line":33,"column":44}},"type":"cond-expr","locations":[{"start":{"line":33,"column":34},"end":{"line":33,"column":37}},{"start":{"line":33,"column":40},"end":{"line":33,"column":44}}],"line":33},"2":{"loc":{"start":{"line":56,"column":10},"end":{"line":56,"column":38}},"type":"cond-expr","locations":[{"start":{"line":56,"column":30},"end":{"line":56,"column":33}},{"start":{"line":56,"column":36},"end":{"line":56,"column":38}}],"line":56},"3":{"loc":{"start":{"line":66,"column":6},"end":{"line":66,"column":42}},"type":"cond-expr","locations":[{"start":{"line":66,"column":28},"end":{"line":66,"column":37}},{"start":{"line":66,"column":40},"end":{"line":66,"column":42}}],"line":66},"4":{"loc":{"start":{"line":70,"column":6},"end":{"line":70,"column":40}},"type":"cond-expr","locations":[{"start":{"line":70,"column":26},"end":{"line":70,"column":35}},{"start":{"line":70,"column":38},"end":{"line":70,"column":40}}],"line":70},"5":{"loc":{"start":{"line":76,"column":6},"end":{"line":76,"column":36}},"type":"cond-expr","locations":[{"start":{"line":76,"column":22},"end":{"line":76,"column":31}},{"start":{"line":76,"column":34},"end":{"line":76,"column":36}}],"line":76},"6":{"loc":{"start":{"line":80,"column":6},"end":{"line":80,"column":38}},"type":"cond-expr","locations":[{"start":{"line":80,"column":24},"end":{"line":80,"column":33}},{"start":{"line":80,"column":36},"end":{"line":80,"column":38}}],"line":80},"7":{"loc":{"start":{"line":86,"column":6},"end":{"line":86,"column":27}},"type":"cond-expr","locations":[{"start":{"line":86,"column":13},"end":{"line":86,"column":22}},{"start":{"line":86,"column":25},"end":{"line":86,"column":27}}],"line":86},"8":{"loc":{"start":{"line":92,"column":6},"end":{"line":92,"column":28}},"type":"cond-expr","locations":[{"start":{"line":92,"column":14},"end":{"line":92,"column":23}},{"start":{"line":92,"column":26},"end":{"line":92,"column":28}}],"line":92},"9":{"loc":{"start":{"line":98,"column":6},"end":{"line":98,"column":31}},"type":"cond-expr","locations":[{"start":{"line":98,"column":17},"end":{"line":98,"column":26}},{"start":{"line":98,"column":29},"end":{"line":98,"column":31}}],"line":98}},"s":{"0":29,"1":29,"2":29,"3":29,"4":29,"5":20,"6":20,"7":29,"8":29,"9":339},"f":{"0":29,"1":29,"2":29,"3":339,"4":1},"b":{"0":[20,9],"1":[19,1],"2":[28,1],"3":[13,16],"4":[16,13],"5":[9,20],"6":[20,9],"7":[22,7],"8":[26,3],"9":[24,5]},"_coverageSchema":"1a1c01bbd47fc00a2c39e90264f33305004495a9","hash":"4bd1d58e128c65cb83b71d748ddddc4aa3c59611"}
,"C:\\Users\\User\\Desktop\\9Slider\\src\\scripts\\components\\view\\flag-view.ts": {"path":"C:\\Users\\User\\Desktop\\9Slider\\src\\scripts\\components\\view\\flag-view.ts","statementMap":{"0":{"start":{"line":7,"column":4},"end":{"line":7,"column":27}},"1":{"start":{"line":11,"column":72},"end":{"line":11,"column":77}},"2":{"start":{"line":12,"column":18},"end":{"line":12,"column":20}},"3":{"start":{"line":13,"column":18},"end":{"line":13,"column":40}},"4":{"start":{"line":14,"column":19},"end":{"line":14,"column":25}},"5":{"start":{"line":15,"column":22},"end":{"line":15,"column":37}},"6":{"start":{"line":16,"column":22},"end":{"line":16,"column":41}},"7":{"start":{"line":17,"column":22},"end":{"line":17,"column":39}},"8":{"start":{"line":18,"column":26},"end":{"line":18,"column":48}},"9":{"start":{"line":19,"column":26},"end":{"line":19,"column":48}},"10":{"start":{"line":21,"column":4},"end":{"line":25,"column":5}},"11":{"start":{"line":22,"column":6},"end":{"line":24,"column":16}},"12":{"start":{"line":27,"column":4},"end":{"line":31,"column":5}},"13":{"start":{"line":28,"column":6},"end":{"line":30,"column":16}},"14":{"start":{"line":33,"column":4},"end":{"line":36,"column":5}},"15":{"start":{"line":34,"column":6},"end":{"line":34,"column":70}},"16":{"start":{"line":35,"column":6},"end":{"line":35,"column":23}},"17":{"start":{"line":38,"column":4},"end":{"line":43,"column":6}},"18":{"start":{"line":47,"column":4},"end":{"line":54,"column":8}},"19":{"start":{"line":50,"column":8},"end":{"line":53,"column":9}},"20":{"start":{"line":55,"column":4},"end":{"line":62,"column":8}},"21":{"start":{"line":58,"column":8},"end":{"line":61,"column":9}}},"fnMap":{"0":{"name":"(anonymous_0)","decl":{"start":{"line":6,"column":2},"end":{"line":6,"column":3}},"loc":{"start":{"line":6,"column":17},"end":{"line":8,"column":3}},"line":6},"1":{"name":"(anonymous_1)","decl":{"start":{"line":10,"column":2},"end":{"line":10,"column":3}},"loc":{"start":{"line":10,"column":32},"end":{"line":44,"column":3}},"line":10},"2":{"name":"(anonymous_2)","decl":{"start":{"line":46,"column":2},"end":{"line":46,"column":3}},"loc":{"start":{"line":46,"column":25},"end":{"line":63,"column":3}},"line":46},"3":{"name":"(anonymous_3)","decl":{"start":{"line":49,"column":15},"end":{"line":49,"column":16}},"loc":{"start":{"line":50,"column":8},"end":{"line":53,"column":9}},"line":50},"4":{"name":"(anonymous_4)","decl":{"start":{"line":57,"column":15},"end":{"line":57,"column":16}},"loc":{"start":{"line":58,"column":8},"end":{"line":61,"column":9}},"line":58},"5":{"name":"(anonymous_5)","decl":{"start":{"line":65,"column":2},"end":{"line":65,"column":3}},"loc":{"start":{"line":65,"column":65},"end":{"line":65,"column":67}},"line":65}},"branchMap":{"0":{"loc":{"start":{"line":18,"column":26},"end":{"line":18,"column":48}},"type":"binary-expr","locations":[{"start":{"line":18,"column":26},"end":{"line":18,"column":35}},{"start":{"line":18,"column":39},"end":{"line":18,"column":48}}],"line":18},"1":{"loc":{"start":{"line":19,"column":26},"end":{"line":19,"column":48}},"type":"binary-expr","locations":[{"start":{"line":19,"column":26},"end":{"line":19,"column":35}},{"start":{"line":19,"column":39},"end":{"line":19,"column":48}}],"line":19},"2":{"loc":{"start":{"line":21,"column":4},"end":{"line":25,"column":5}},"type":"if","locations":[{"start":{"line":21,"column":4},"end":{"line":25,"column":5}},{"start":{"line":21,"column":4},"end":{"line":25,"column":5}}],"line":21},"3":{"loc":{"start":{"line":23,"column":8},"end":{"line":23,"column":40}},"type":"cond-expr","locations":[{"start":{"line":23,"column":30},"end":{"line":23,"column":33}},{"start":{"line":23,"column":36},"end":{"line":23,"column":40}}],"line":23},"4":{"loc":{"start":{"line":27,"column":4},"end":{"line":31,"column":5}},"type":"if","locations":[{"start":{"line":27,"column":4},"end":{"line":31,"column":5}},{"start":{"line":27,"column":4},"end":{"line":31,"column":5}}],"line":27},"5":{"loc":{"start":{"line":29,"column":8},"end":{"line":29,"column":40}},"type":"cond-expr","locations":[{"start":{"line":29,"column":30},"end":{"line":29,"column":33}},{"start":{"line":29,"column":36},"end":{"line":29,"column":40}}],"line":29},"6":{"loc":{"start":{"line":33,"column":4},"end":{"line":36,"column":5}},"type":"if","locations":[{"start":{"line":33,"column":4},"end":{"line":36,"column":5}},{"start":{"line":33,"column":4},"end":{"line":36,"column":5}}],"line":33},"7":{"loc":{"start":{"line":41,"column":6},"end":{"line":41,"column":34}},"type":"cond-expr","locations":[{"start":{"line":41,"column":26},"end":{"line":41,"column":29}},{"start":{"line":41,"column":32},"end":{"line":41,"column":34}}],"line":41}},"s":{"0":28,"1":28,"2":28,"3":28,"4":28,"5":28,"6":28,"7":28,"8":28,"9":28,"10":28,"11":5,"12":28,"13":16,"14":28,"15":16,"16":16,"17":28,"18":28,"19":49,"20":28,"21":49},"f":{"0":28,"1":28,"2":28,"3":49,"4":49,"5":1},"b":{"0":[28,21],"1":[28,21],"2":[5,23],"3":[4,1],"4":[16,12],"5":[15,1],"6":[16,12],"7":[27,1]},"_coverageSchema":"1a1c01bbd47fc00a2c39e90264f33305004495a9","hash":"d558de2352d5d47082b753a578086641f4c4b4b9"}
,"C:\\Users\\User\\Desktop\\9Slider\\src\\scripts\\components\\view\\progress-view.ts": {"path":"C:\\Users\\User\\Desktop\\9Slider\\src\\scripts\\components\\view\\progress-view.ts","statementMap":{"0":{"start":{"line":7,"column":4},"end":{"line":7,"column":26}},"1":{"start":{"line":11,"column":45},"end":{"line":11,"column":50}},"2":{"start":{"line":12,"column":14},"end":{"line":14,"column":15}},"3":{"start":{"line":16,"column":4},"end":{"line":20,"column":5}},"4":{"start":{"line":17,"column":6},"end":{"line":19,"column":18}},"5":{"start":{"line":22,"column":4},"end":{"line":22,"column":20}},"6":{"start":{"line":26,"column":4},"end":{"line":29,"column":6}}},"fnMap":{"0":{"name":"(anonymous_0)","decl":{"start":{"line":6,"column":2},"end":{"line":6,"column":3}},"loc":{"start":{"line":6,"column":17},"end":{"line":8,"column":3}},"line":6},"1":{"name":"(anonymous_1)","decl":{"start":{"line":10,"column":2},"end":{"line":10,"column":3}},"loc":{"start":{"line":10,"column":32},"end":{"line":23,"column":3}},"line":10},"2":{"name":"(anonymous_2)","decl":{"start":{"line":25,"column":2},"end":{"line":25,"column":3}},"loc":{"start":{"line":25,"column":25},"end":{"line":30,"column":3}},"line":25},"3":{"name":"(anonymous_3)","decl":{"start":{"line":32,"column":2},"end":{"line":32,"column":3}},"loc":{"start":{"line":32,"column":60},"end":{"line":32,"column":62}},"line":32}},"branchMap":{"0":{"loc":{"start":{"line":16,"column":4},"end":{"line":20,"column":5}},"type":"if","locations":[{"start":{"line":16,"column":4},"end":{"line":20,"column":5}},{"start":{"line":16,"column":4},"end":{"line":20,"column":5}}],"line":16}},"s":{"0":29,"1":29,"2":29,"3":29,"4":16,"5":29,"6":29},"f":{"0":29,"1":29,"2":29,"3":1},"b":{"0":[16,13]},"_coverageSchema":"1a1c01bbd47fc00a2c39e90264f33305004495a9","hash":"b53c106cd3467162326f971e170489754d912bc4"}
,"C:\\Users\\User\\Desktop\\9Slider\\src\\scripts\\components\\view\\scale-view.ts": {"path":"C:\\Users\\User\\Desktop\\9Slider\\src\\scripts\\components\\view\\scale-view.ts","statementMap":{"0":{"start":{"line":7,"column":21},"end":{"line":7,"column":26}},"1":{"start":{"line":8,"column":23},"end":{"line":8,"column":25}},"2":{"start":{"line":10,"column":4},"end":{"line":10,"column":69}},"3":{"start":{"line":10,"column":27},"end":{"line":10,"column":69}},"4":{"start":{"line":12,"column":4},"end":{"line":12,"column":42}},"5":{"start":{"line":16,"column":37},"end":{"line":16,"column":42}},"6":{"start":{"line":17,"column":27},"end":{"line":17,"column":29}},"7":{"start":{"line":18,"column":23},"end":{"line":18,"column":25}},"8":{"start":{"line":20,"column":4},"end":{"line":20,"column":69}},"9":{"start":{"line":20,"column":27},"end":{"line":20,"column":69}},"10":{"start":{"line":22,"column":4},"end":{"line":32,"column":5}},"11":{"start":{"line":22,"column":17},"end":{"line":22,"column":20}},"12":{"start":{"line":23,"column":22},"end":{"line":23,"column":24}},"13":{"start":{"line":24,"column":6},"end":{"line":24,"column":56}},"14":{"start":{"line":24,"column":21},"end":{"line":24,"column":56}},"15":{"start":{"line":25,"column":6},"end":{"line":25,"column":56}},"16":{"start":{"line":25,"column":21},"end":{"line":25,"column":56}},"17":{"start":{"line":27,"column":6},"end":{"line":31,"column":8}},"18":{"start":{"line":34,"column":4},"end":{"line":40,"column":5}},"19":{"start":{"line":35,"column":6},"end":{"line":39,"column":8}},"20":{"start":{"line":42,"column":4},"end":{"line":42,"column":20}},"21":{"start":{"line":46,"column":4},"end":{"line":50,"column":8}},"22":{"start":{"line":49,"column":8},"end":{"line":49,"column":78}}},"fnMap":{"0":{"name":"(anonymous_0)","decl":{"start":{"line":6,"column":2},"end":{"line":6,"column":3}},"loc":{"start":{"line":6,"column":33},"end":{"line":13,"column":3}},"line":6},"1":{"name":"(anonymous_1)","decl":{"start":{"line":15,"column":2},"end":{"line":15,"column":3}},"loc":{"start":{"line":15,"column":32},"end":{"line":43,"column":3}},"line":15},"2":{"name":"(anonymous_2)","decl":{"start":{"line":45,"column":2},"end":{"line":45,"column":3}},"loc":{"start":{"line":45,"column":25},"end":{"line":51,"column":3}},"line":45},"3":{"name":"(anonymous_3)","decl":{"start":{"line":48,"column":15},"end":{"line":48,"column":16}},"loc":{"start":{"line":49,"column":8},"end":{"line":49,"column":78}},"line":49},"4":{"name":"(anonymous_4)","decl":{"start":{"line":53,"column":2},"end":{"line":53,"column":3}},"loc":{"start":{"line":53,"column":61},"end":{"line":53,"column":63}},"line":53}},"branchMap":{"0":{"loc":{"start":{"line":10,"column":4},"end":{"line":10,"column":69}},"type":"if","locations":[{"start":{"line":10,"column":4},"end":{"line":10,"column":69}},{"start":{"line":10,"column":4},"end":{"line":10,"column":69}}],"line":10},"1":{"loc":{"start":{"line":20,"column":4},"end":{"line":20,"column":69}},"type":"if","locations":[{"start":{"line":20,"column":4},"end":{"line":20,"column":69}},{"start":{"line":20,"column":4},"end":{"line":20,"column":69}}],"line":20},"2":{"loc":{"start":{"line":24,"column":6},"end":{"line":24,"column":56}},"type":"if","locations":[{"start":{"line":24,"column":6},"end":{"line":24,"column":56}},{"start":{"line":24,"column":6},"end":{"line":24,"column":56}}],"line":24},"3":{"loc":{"start":{"line":25,"column":6},"end":{"line":25,"column":56}},"type":"if","locations":[{"start":{"line":25,"column":6},"end":{"line":25,"column":56}},{"start":{"line":25,"column":6},"end":{"line":25,"column":56}}],"line":25},"4":{"loc":{"start":{"line":34,"column":4},"end":{"line":40,"column":5}},"type":"if","locations":[{"start":{"line":34,"column":4},"end":{"line":40,"column":5}},{"start":{"line":34,"column":4},"end":{"line":40,"column":5}}],"line":34}},"s":{"0":27,"1":27,"2":27,"3":16,"4":27,"5":27,"6":27,"7":27,"8":27,"9":16,"10":27,"11":27,"12":1585,"13":1585,"14":20,"15":1585,"16":19,"17":1585,"18":27,"19":8,"20":27,"21":27,"22":1593},"f":{"0":27,"1":27,"2":27,"3":1593,"4":1},"b":{"0":[16,11],"1":[16,11],"2":[20,1565],"3":[19,1566],"4":[8,19]},"_coverageSchema":"1a1c01bbd47fc00a2c39e90264f33305004495a9","hash":"7bf8a2f45a101d6997d580289fa718dc7916fe18"}
,"C:\\Users\\User\\Desktop\\9Slider\\src\\scripts\\components\\view\\track-view.ts": {"path":"C:\\Users\\User\\Desktop\\9Slider\\src\\scripts\\components\\view\\track-view.ts","statementMap":{"0":{"start":{"line":7,"column":4},"end":{"line":7,"column":29}},"1":{"start":{"line":11,"column":52},"end":{"line":11,"column":57}},"2":{"start":{"line":12,"column":26},"end":{"line":12,"column":28}},"3":{"start":{"line":13,"column":26},"end":{"line":13,"column":28}},"4":{"start":{"line":14,"column":20},"end":{"line":14,"column":22}},"5":{"start":{"line":15,"column":20},"end":{"line":15,"column":44}},"6":{"start":{"line":16,"column":19},"end":{"line":16,"column":25}},"7":{"start":{"line":17,"column":22},"end":{"line":17,"column":37}},"8":{"start":{"line":18,"column":22},"end":{"line":18,"column":41}},"9":{"start":{"line":19,"column":22},"end":{"line":19,"column":39}},"10":{"start":{"line":20,"column":26},"end":{"line":20,"column":48}},"11":{"start":{"line":21,"column":26},"end":{"line":21,"column":48}},"12":{"start":{"line":23,"column":4},"end":{"line":25,"column":5}},"13":{"start":{"line":24,"column":6},"end":{"line":24,"column":107}},"14":{"start":{"line":27,"column":4},"end":{"line":29,"column":5}},"15":{"start":{"line":28,"column":6},"end":{"line":28,"column":115}},"16":{"start":{"line":31,"column":4},"end":{"line":36,"column":5}},"17":{"start":{"line":32,"column":6},"end":{"line":32,"column":52}},"18":{"start":{"line":33,"column":6},"end":{"line":33,"column":52}},"19":{"start":{"line":34,"column":6},"end":{"line":34,"column":52}},"20":{"start":{"line":35,"column":6},"end":{"line":35,"column":23}},"21":{"start":{"line":38,"column":4},"end":{"line":45,"column":6}},"22":{"start":{"line":49,"column":4},"end":{"line":56,"column":8}},"23":{"start":{"line":52,"column":8},"end":{"line":55,"column":9}},"24":{"start":{"line":57,"column":4},"end":{"line":64,"column":8}},"25":{"start":{"line":60,"column":8},"end":{"line":63,"column":9}}},"fnMap":{"0":{"name":"(anonymous_0)","decl":{"start":{"line":6,"column":2},"end":{"line":6,"column":3}},"loc":{"start":{"line":6,"column":17},"end":{"line":8,"column":3}},"line":6},"1":{"name":"(anonymous_1)","decl":{"start":{"line":10,"column":2},"end":{"line":10,"column":3}},"loc":{"start":{"line":10,"column":32},"end":{"line":46,"column":3}},"line":10},"2":{"name":"(anonymous_2)","decl":{"start":{"line":48,"column":2},"end":{"line":48,"column":3}},"loc":{"start":{"line":48,"column":25},"end":{"line":65,"column":3}},"line":48},"3":{"name":"(anonymous_3)","decl":{"start":{"line":51,"column":15},"end":{"line":51,"column":16}},"loc":{"start":{"line":52,"column":8},"end":{"line":55,"column":9}},"line":52},"4":{"name":"(anonymous_4)","decl":{"start":{"line":59,"column":15},"end":{"line":59,"column":16}},"loc":{"start":{"line":60,"column":8},"end":{"line":63,"column":9}},"line":60},"5":{"name":"(anonymous_5)","decl":{"start":{"line":67,"column":2},"end":{"line":67,"column":3}},"loc":{"start":{"line":67,"column":67},"end":{"line":67,"column":69}},"line":67}},"branchMap":{"0":{"loc":{"start":{"line":20,"column":26},"end":{"line":20,"column":48}},"type":"binary-expr","locations":[{"start":{"line":20,"column":26},"end":{"line":20,"column":35}},{"start":{"line":20,"column":39},"end":{"line":20,"column":48}}],"line":20},"1":{"loc":{"start":{"line":21,"column":26},"end":{"line":21,"column":48}},"type":"binary-expr","locations":[{"start":{"line":21,"column":26},"end":{"line":21,"column":35}},{"start":{"line":21,"column":39},"end":{"line":21,"column":48}}],"line":21},"2":{"loc":{"start":{"line":23,"column":4},"end":{"line":25,"column":5}},"type":"if","locations":[{"start":{"line":23,"column":4},"end":{"line":25,"column":5}},{"start":{"line":23,"column":4},"end":{"line":25,"column":5}}],"line":23},"3":{"loc":{"start":{"line":27,"column":4},"end":{"line":29,"column":5}},"type":"if","locations":[{"start":{"line":27,"column":4},"end":{"line":29,"column":5}},{"start":{"line":27,"column":4},"end":{"line":29,"column":5}}],"line":27},"4":{"loc":{"start":{"line":31,"column":4},"end":{"line":36,"column":5}},"type":"if","locations":[{"start":{"line":31,"column":4},"end":{"line":36,"column":5}},{"start":{"line":31,"column":4},"end":{"line":36,"column":5}}],"line":31}},"s":{"0":29,"1":29,"2":29,"3":29,"4":29,"5":29,"6":29,"7":29,"8":29,"9":29,"10":29,"11":29,"12":29,"13":6,"14":29,"15":15,"16":29,"17":16,"18":16,"19":16,"20":16,"21":29,"22":29,"23":50,"24":29,"25":50},"f":{"0":29,"1":29,"2":29,"3":50,"4":50,"5":1},"b":{"0":[29,21],"1":[29,21],"2":[6,23],"3":[15,14],"4":[16,13]},"_coverageSchema":"1a1c01bbd47fc00a2c39e90264f33305004495a9","hash":"dce09e7c3393e4c4c0ec731834a28466a3b3be29"}
,"C:\\Users\\User\\Desktop\\9Slider\\src\\scripts\\components\\view\\view.ts": {"path":"C:\\Users\\User\\Desktop\\9Slider\\src\\scripts\\components\\view\\view.ts","statementMap":{"0":{"start":{"line":39,"column":4},"end":{"line":39,"column":12}},"1":{"start":{"line":40,"column":4},"end":{"line":40,"column":25}},"2":{"start":{"line":41,"column":4},"end":{"line":41,"column":26}},"3":{"start":{"line":45,"column":4},"end":{"line":53,"column":5}},"4":{"start":{"line":46,"column":6},"end":{"line":46,"column":32}},"5":{"start":{"line":47,"column":6},"end":{"line":47,"column":35}},"6":{"start":{"line":48,"column":6},"end":{"line":48,"column":38}},"7":{"start":{"line":49,"column":6},"end":{"line":49,"column":32}},"8":{"start":{"line":50,"column":6},"end":{"line":50,"column":31}},"9":{"start":{"line":51,"column":6},"end":{"line":51,"column":37}},"10":{"start":{"line":52,"column":6},"end":{"line":52,"column":13}},"11":{"start":{"line":55,"column":4},"end":{"line":59,"column":5}},"12":{"start":{"line":56,"column":6},"end":{"line":56,"column":43}},"13":{"start":{"line":57,"column":6},"end":{"line":57,"column":40}},"14":{"start":{"line":58,"column":6},"end":{"line":58,"column":13}},"15":{"start":{"line":61,"column":4},"end":{"line":61,"column":35}},"16":{"start":{"line":62,"column":4},"end":{"line":62,"column":34}},"17":{"start":{"line":63,"column":4},"end":{"line":63,"column":38}},"18":{"start":{"line":64,"column":4},"end":{"line":64,"column":41}},"19":{"start":{"line":65,"column":4},"end":{"line":65,"column":35}},"20":{"start":{"line":66,"column":4},"end":{"line":66,"column":30}},"21":{"start":{"line":67,"column":4},"end":{"line":67,"column":33}},"22":{"start":{"line":68,"column":4},"end":{"line":68,"column":29}},"23":{"start":{"line":69,"column":4},"end":{"line":69,"column":36}},"24":{"start":{"line":73,"column":30},"end":{"line":73,"column":60}},"25":{"start":{"line":74,"column":32},"end":{"line":74,"column":66}},"26":{"start":{"line":75,"column":27},"end":{"line":75,"column":52}},"27":{"start":{"line":76,"column":33},"end":{"line":76,"column":54}},"28":{"start":{"line":79,"column":4},"end":{"line":94,"column":5}},"29":{"start":{"line":81,"column":8},"end":{"line":81,"column":66}},"30":{"start":{"line":82,"column":8},"end":{"line":82,"column":14}},"31":{"start":{"line":84,"column":8},"end":{"line":84,"column":66}},"32":{"start":{"line":85,"column":8},"end":{"line":85,"column":14}},"33":{"start":{"line":87,"column":8},"end":{"line":87,"column":75}},"34":{"start":{"line":88,"column":8},"end":{"line":88,"column":14}},"35":{"start":{"line":90,"column":8},"end":{"line":90,"column":75}},"36":{"start":{"line":91,"column":8},"end":{"line":91,"column":14}},"37":{"start":{"line":93,"column":8},"end":{"line":93,"column":14}},"38":{"start":{"line":96,"column":4},"end":{"line":96,"column":43}},"39":{"start":{"line":100,"column":31},"end":{"line":100,"column":61}},"40":{"start":{"line":101,"column":21},"end":{"line":101,"column":47}},"41":{"start":{"line":102,"column":21},"end":{"line":102,"column":47}},"42":{"start":{"line":103,"column":22},"end":{"line":103,"column":49}},"43":{"start":{"line":104,"column":25},"end":{"line":104,"column":58}},"44":{"start":{"line":106,"column":4},"end":{"line":110,"column":5}},"45":{"start":{"line":107,"column":6},"end":{"line":107,"column":40}},"46":{"start":{"line":108,"column":6},"end":{"line":108,"column":40}},"47":{"start":{"line":109,"column":6},"end":{"line":109,"column":41}},"48":{"start":{"line":112,"column":4},"end":{"line":114,"column":5}},"49":{"start":{"line":113,"column":6},"end":{"line":113,"column":78}},"50":{"start":{"line":116,"column":4},"end":{"line":122,"column":5}},"51":{"start":{"line":117,"column":22},"end":{"line":117,"column":39}},"52":{"start":{"line":118,"column":6},"end":{"line":121,"column":8}},"53":{"start":{"line":124,"column":22},"end":{"line":124,"column":49}},"54":{"start":{"line":125,"column":23},"end":{"line":125,"column":51}},"55":{"start":{"line":126,"column":26},"end":{"line":126,"column":57}},"56":{"start":{"line":127,"column":26},"end":{"line":127,"column":66}},"57":{"start":{"line":129,"column":4},"end":{"line":134,"column":5}},"58":{"start":{"line":130,"column":6},"end":{"line":133,"column":8}},"59":{"start":{"line":141,"column":31},"end":{"line":141,"column":61}},"60":{"start":{"line":142,"column":34},"end":{"line":142,"column":54}},"61":{"start":{"line":143,"column":32},"end":{"line":143,"column":55}},"62":{"start":{"line":144,"column":28},"end":{"line":144,"column":45}},"63":{"start":{"line":145,"column":29},"end":{"line":145,"column":57}},"64":{"start":{"line":146,"column":27},"end":{"line":146,"column":43}},"65":{"start":{"line":147,"column":30},"end":{"line":147,"column":58}},"66":{"start":{"line":148,"column":31},"end":{"line":148,"column":59}},"67":{"start":{"line":149,"column":32},"end":{"line":149,"column":50}},"68":{"start":{"line":150,"column":33},"end":{"line":150,"column":51}},"69":{"start":{"line":153,"column":4},"end":{"line":157,"column":5}},"70":{"start":{"line":154,"column":6},"end":{"line":154,"column":60}},"71":{"start":{"line":156,"column":6},"end":{"line":156,"column":63}},"72":{"start":{"line":159,"column":4},"end":{"line":159,"column":72}},"73":{"start":{"line":159,"column":34},"end":{"line":159,"column":72}},"74":{"start":{"line":161,"column":32},"end":{"line":161,"column":58}},"75":{"start":{"line":163,"column":4},"end":{"line":168,"column":5}},"76":{"start":{"line":164,"column":6},"end":{"line":165,"column":30}},"77":{"start":{"line":165,"column":8},"end":{"line":165,"column":30}},"78":{"start":{"line":166,"column":6},"end":{"line":167,"column":32}},"79":{"start":{"line":167,"column":8},"end":{"line":167,"column":32}},"80":{"start":{"line":169,"column":32},"end":{"line":169,"column":65}},"81":{"start":{"line":171,"column":4},"end":{"line":181,"column":5}},"82":{"start":{"line":172,"column":6},"end":{"line":175,"column":8}},"83":{"start":{"line":177,"column":6},"end":{"line":180,"column":8}},"84":{"start":{"line":185,"column":32},"end":{"line":185,"column":62}},"85":{"start":{"line":186,"column":4},"end":{"line":186,"column":43}},"86":{"start":{"line":190,"column":4},"end":{"line":192,"column":6}},"87":{"start":{"line":191,"column":6},"end":{"line":191,"column":41}},"88":{"start":{"line":194,"column":4},"end":{"line":196,"column":6}},"89":{"start":{"line":195,"column":6},"end":{"line":195,"column":43}},"90":{"start":{"line":198,"column":4},"end":{"line":200,"column":6}},"91":{"start":{"line":199,"column":6},"end":{"line":199,"column":39}},"92":{"start":{"line":202,"column":4},"end":{"line":204,"column":6}},"93":{"start":{"line":203,"column":6},"end":{"line":203,"column":39}},"94":{"start":{"line":206,"column":4},"end":{"line":208,"column":6}},"95":{"start":{"line":207,"column":6},"end":{"line":207,"column":45}},"96":{"start":{"line":212,"column":4},"end":{"line":212,"column":37}},"97":{"start":{"line":213,"column":4},"end":{"line":213,"column":43}},"98":{"start":{"line":214,"column":4},"end":{"line":214,"column":49}},"99":{"start":{"line":215,"column":4},"end":{"line":215,"column":37}},"100":{"start":{"line":216,"column":4},"end":{"line":216,"column":35}},"101":{"start":{"line":225,"column":28},"end":{"line":225,"column":45}},"102":{"start":{"line":226,"column":29},"end":{"line":226,"column":57}},"103":{"start":{"line":227,"column":31},"end":{"line":227,"column":59}},"104":{"start":{"line":228,"column":32},"end":{"line":228,"column":50}},"105":{"start":{"line":232,"column":21},"end":{"line":233,"column":61}},"106":{"start":{"line":233,"column":6},"end":{"line":233,"column":61}},"107":{"start":{"line":234,"column":18},"end":{"line":234,"column":28}},"108":{"start":{"line":235,"column":27},"end":{"line":235,"column":76}},"109":{"start":{"line":237,"column":4},"end":{"line":241,"column":5}},"110":{"start":{"line":238,"column":6},"end":{"line":238,"column":53}},"111":{"start":{"line":239,"column":6},"end":{"line":239,"column":77}},"112":{"start":{"line":240,"column":6},"end":{"line":240,"column":72}},"113":{"start":{"line":243,"column":4},"end":{"line":247,"column":5}},"114":{"start":{"line":244,"column":6},"end":{"line":244,"column":51}},"115":{"start":{"line":245,"column":6},"end":{"line":245,"column":75}},"116":{"start":{"line":246,"column":6},"end":{"line":246,"column":72}},"117":{"start":{"line":248,"column":4},"end":{"line":249,"column":77}},"118":{"start":{"line":249,"column":6},"end":{"line":249,"column":77}},"119":{"start":{"line":250,"column":4},"end":{"line":250,"column":62}},"120":{"start":{"line":259,"column":27},"end":{"line":259,"column":43}},"121":{"start":{"line":260,"column":30},"end":{"line":260,"column":58}},"122":{"start":{"line":261,"column":33},"end":{"line":261,"column":51}},"123":{"start":{"line":265,"column":21},"end":{"line":266,"column":61}},"124":{"start":{"line":266,"column":6},"end":{"line":266,"column":61}},"125":{"start":{"line":267,"column":18},"end":{"line":267,"column":28}},"126":{"start":{"line":268,"column":27},"end":{"line":268,"column":73}},"127":{"start":{"line":270,"column":4},"end":{"line":276,"column":5}},"128":{"start":{"line":271,"column":6},"end":{"line":271,"column":53}},"129":{"start":{"line":272,"column":6},"end":{"line":272,"column":77}},"130":{"start":{"line":273,"column":6},"end":{"line":275,"column":8}},"131":{"start":{"line":278,"column":4},"end":{"line":284,"column":5}},"132":{"start":{"line":279,"column":6},"end":{"line":279,"column":51}},"133":{"start":{"line":280,"column":6},"end":{"line":280,"column":75}},"134":{"start":{"line":281,"column":6},"end":{"line":283,"column":8}},"135":{"start":{"line":285,"column":4},"end":{"line":286,"column":75}},"136":{"start":{"line":286,"column":6},"end":{"line":286,"column":75}},"137":{"start":{"line":287,"column":4},"end":{"line":287,"column":60}},"138":{"start":{"line":291,"column":4},"end":{"line":293,"column":66}},"139":{"start":{"line":297,"column":4},"end":{"line":299,"column":59}},"140":{"start":{"line":303,"column":4},"end":{"line":305,"column":63}},"141":{"start":{"line":309,"column":4},"end":{"line":311,"column":60}},"142":{"start":{"line":315,"column":4},"end":{"line":317,"column":60}},"143":{"start":{"line":325,"column":4},"end":{"line":325,"column":25}},"144":{"start":{"line":326,"column":32},"end":{"line":326,"column":53}},"145":{"start":{"line":328,"column":22},"end":{"line":328,"column":71}},"146":{"start":{"line":329,"column":22},"end":{"line":329,"column":71}},"147":{"start":{"line":330,"column":23},"end":{"line":330,"column":45}},"148":{"start":{"line":332,"column":4},"end":{"line":338,"column":5}},"149":{"start":{"line":333,"column":6},"end":{"line":334,"column":52}},"150":{"start":{"line":334,"column":8},"end":{"line":334,"column":51}},"151":{"start":{"line":336,"column":6},"end":{"line":337,"column":52}},"152":{"start":{"line":337,"column":8},"end":{"line":337,"column":51}},"153":{"start":{"line":340,"column":22},"end":{"line":345,"column":5}},"154":{"start":{"line":341,"column":6},"end":{"line":341,"column":61}},"155":{"start":{"line":342,"column":6},"end":{"line":342,"column":61}},"156":{"start":{"line":343,"column":6},"end":{"line":343,"column":58}},"157":{"start":{"line":344,"column":6},"end":{"line":344,"column":57}},"158":{"start":{"line":347,"column":4},"end":{"line":347,"column":56}},"159":{"start":{"line":348,"column":4},"end":{"line":348,"column":56}},"160":{"start":{"line":349,"column":4},"end":{"line":349,"column":53}},"161":{"start":{"line":350,"column":4},"end":{"line":350,"column":52}},"162":{"start":{"line":354,"column":34},"end":{"line":354,"column":73}},"163":{"start":{"line":355,"column":22},"end":{"line":355,"column":55}},"164":{"start":{"line":356,"column":4},"end":{"line":356,"column":72}},"165":{"start":{"line":357,"column":4},"end":{"line":360,"column":6}},"166":{"start":{"line":369,"column":20},"end":{"line":369,"column":24}},"167":{"start":{"line":370,"column":4},"end":{"line":374,"column":5}},"168":{"start":{"line":371,"column":6},"end":{"line":371,"column":54}},"169":{"start":{"line":373,"column":6},"end":{"line":373,"column":53}},"170":{"start":{"line":375,"column":4},"end":{"line":375,"column":43}},"171":{"start":{"line":375,"column":15},"end":{"line":375,"column":43}},"172":{"start":{"line":379,"column":34},"end":{"line":379,"column":75}},"173":{"start":{"line":380,"column":22},"end":{"line":380,"column":55}},"174":{"start":{"line":381,"column":4},"end":{"line":381,"column":68}},"175":{"start":{"line":382,"column":4},"end":{"line":385,"column":6}},"176":{"start":{"line":389,"column":4},"end":{"line":393,"column":5}},"177":{"start":{"line":390,"column":6},"end":{"line":392,"column":61}},"178":{"start":{"line":397,"column":4},"end":{"line":401,"column":5}},"179":{"start":{"line":398,"column":6},"end":{"line":400,"column":54}},"180":{"start":{"line":405,"column":4},"end":{"line":409,"column":5}},"181":{"start":{"line":406,"column":6},"end":{"line":408,"column":58}},"182":{"start":{"line":413,"column":4},"end":{"line":433,"column":5}},"183":{"start":{"line":414,"column":6},"end":{"line":416,"column":55}},"184":{"start":{"line":417,"column":20},"end":{"line":419,"column":77}},"185":{"start":{"line":420,"column":24},"end":{"line":420,"column":47}},"186":{"start":{"line":421,"column":37},"end":{"line":421,"column":60}},"187":{"start":{"line":422,"column":6},"end":{"line":432,"column":9}},"188":{"start":{"line":423,"column":21},"end":{"line":423,"column":23}},"189":{"start":{"line":424,"column":8},"end":{"line":427,"column":9}},"190":{"start":{"line":425,"column":10},"end":{"line":425,"column":53}},"191":{"start":{"line":426,"column":10},"end":{"line":426,"column":17}},"192":{"start":{"line":428,"column":26},"end":{"line":428,"column":49}},"193":{"start":{"line":429,"column":8},"end":{"line":429,"column":70}},"194":{"start":{"line":429,"column":25},"end":{"line":429,"column":70}},"195":{"start":{"line":430,"column":8},"end":{"line":430,"column":55}},"196":{"start":{"line":431,"column":8},"end":{"line":431,"column":39}},"197":{"start":{"line":437,"column":4},"end":{"line":437,"column":68}},"198":{"start":{"line":441,"column":24},"end":{"line":445,"column":5}},"199":{"start":{"line":446,"column":32},"end":{"line":446,"column":60}},"200":{"start":{"line":447,"column":4},"end":{"line":451,"column":5}},"201":{"start":{"line":448,"column":6},"end":{"line":448,"column":74}},"202":{"start":{"line":450,"column":6},"end":{"line":450,"column":66}},"203":{"start":{"line":455,"column":24},"end":{"line":459,"column":5}},"204":{"start":{"line":460,"column":32},"end":{"line":460,"column":60}},"205":{"start":{"line":461,"column":4},"end":{"line":465,"column":5}},"206":{"start":{"line":462,"column":6},"end":{"line":462,"column":76}},"207":{"start":{"line":464,"column":6},"end":{"line":464,"column":68}},"208":{"start":{"line":469,"column":31},"end":{"line":473,"column":5}},"209":{"start":{"line":474,"column":18},"end":{"line":474,"column":48}},"210":{"start":{"line":475,"column":4},"end":{"line":475,"column":38}}},"fnMap":{"0":{"name":"(anonymous_0)","decl":{"start":{"line":38,"column":2},"end":{"line":38,"column":3}},"loc":{"start":{"line":38,"column":16},"end":{"line":42,"column":3}},"line":38},"1":{"name":"(anonymous_1)","decl":{"start":{"line":44,"column":2},"end":{"line":44,"column":3}},"loc":{"start":{"line":44,"column":53},"end":{"line":70,"column":3}},"line":44},"2":{"name":"(anonymous_2)","decl":{"start":{"line":72,"column":2},"end":{"line":72,"column":3}},"loc":{"start":{"line":72,"column":66},"end":{"line":97,"column":3}},"line":72},"3":{"name":"(anonymous_3)","decl":{"start":{"line":99,"column":2},"end":{"line":99,"column":3}},"loc":{"start":{"line":99,"column":64},"end":{"line":135,"column":3}},"line":99},"4":{"name":"(anonymous_4)","decl":{"start":{"line":137,"column":2},"end":{"line":137,"column":3}},"loc":{"start":{"line":140,"column":10},"end":{"line":182,"column":3}},"line":140},"5":{"name":"(anonymous_5)","decl":{"start":{"line":184,"column":2},"end":{"line":184,"column":3}},"loc":{"start":{"line":184,"column":68},"end":{"line":187,"column":3}},"line":184},"6":{"name":"(anonymous_6)","decl":{"start":{"line":189,"column":2},"end":{"line":189,"column":3}},"loc":{"start":{"line":189,"column":33},"end":{"line":209,"column":3}},"line":189},"7":{"name":"(anonymous_7)","decl":{"start":{"line":190,"column":45},"end":{"line":190,"column":46}},"loc":{"start":{"line":190,"column":61},"end":{"line":192,"column":5}},"line":190},"8":{"name":"(anonymous_8)","decl":{"start":{"line":194,"column":40},"end":{"line":194,"column":41}},"loc":{"start":{"line":194,"column":56},"end":{"line":196,"column":5}},"line":194},"9":{"name":"(anonymous_9)","decl":{"start":{"line":198,"column":39},"end":{"line":198,"column":40}},"loc":{"start":{"line":198,"column":55},"end":{"line":200,"column":5}},"line":198},"10":{"name":"(anonymous_10)","decl":{"start":{"line":202,"column":37},"end":{"line":202,"column":38}},"loc":{"start":{"line":202,"column":53},"end":{"line":204,"column":5}},"line":202},"11":{"name":"(anonymous_11)","decl":{"start":{"line":206,"column":43},"end":{"line":206,"column":44}},"loc":{"start":{"line":206,"column":59},"end":{"line":208,"column":5}},"line":206},"12":{"name":"(anonymous_12)","decl":{"start":{"line":211,"column":2},"end":{"line":211,"column":3}},"loc":{"start":{"line":211,"column":32},"end":{"line":217,"column":3}},"line":211},"13":{"name":"(anonymous_13)","decl":{"start":{"line":219,"column":2},"end":{"line":219,"column":3}},"loc":{"start":{"line":224,"column":4},"end":{"line":251,"column":3}},"line":224},"14":{"name":"(anonymous_14)","decl":{"start":{"line":232,"column":21},"end":{"line":232,"column":22}},"loc":{"start":{"line":233,"column":6},"end":{"line":233,"column":61}},"line":233},"15":{"name":"(anonymous_15)","decl":{"start":{"line":253,"column":2},"end":{"line":253,"column":3}},"loc":{"start":{"line":258,"column":4},"end":{"line":288,"column":3}},"line":258},"16":{"name":"(anonymous_16)","decl":{"start":{"line":265,"column":21},"end":{"line":265,"column":22}},"loc":{"start":{"line":266,"column":6},"end":{"line":266,"column":61}},"line":266},"17":{"name":"(anonymous_17)","decl":{"start":{"line":290,"column":2},"end":{"line":290,"column":3}},"loc":{"start":{"line":290,"column":59},"end":{"line":294,"column":3}},"line":290},"18":{"name":"(anonymous_18)","decl":{"start":{"line":296,"column":2},"end":{"line":296,"column":3}},"loc":{"start":{"line":296,"column":52},"end":{"line":300,"column":3}},"line":296},"19":{"name":"(anonymous_19)","decl":{"start":{"line":302,"column":2},"end":{"line":302,"column":3}},"loc":{"start":{"line":302,"column":56},"end":{"line":306,"column":3}},"line":302},"20":{"name":"(anonymous_20)","decl":{"start":{"line":308,"column":2},"end":{"line":308,"column":3}},"loc":{"start":{"line":308,"column":53},"end":{"line":312,"column":3}},"line":308},"21":{"name":"(anonymous_21)","decl":{"start":{"line":314,"column":2},"end":{"line":314,"column":3}},"loc":{"start":{"line":314,"column":53},"end":{"line":318,"column":3}},"line":314},"22":{"name":"(anonymous_22)","decl":{"start":{"line":320,"column":2},"end":{"line":320,"column":3}},"loc":{"start":{"line":324,"column":10},"end":{"line":351,"column":3}},"line":324},"23":{"name":"(anonymous_23)","decl":{"start":{"line":333,"column":20},"end":{"line":333,"column":21}},"loc":{"start":{"line":334,"column":8},"end":{"line":334,"column":51}},"line":334},"24":{"name":"(anonymous_24)","decl":{"start":{"line":336,"column":20},"end":{"line":336,"column":21}},"loc":{"start":{"line":337,"column":8},"end":{"line":337,"column":51}},"line":337},"25":{"name":"(anonymous_25)","decl":{"start":{"line":340,"column":22},"end":{"line":340,"column":23}},"loc":{"start":{"line":340,"column":28},"end":{"line":345,"column":5}},"line":340},"26":{"name":"(anonymous_26)","decl":{"start":{"line":353,"column":2},"end":{"line":353,"column":3}},"loc":{"start":{"line":353,"column":57},"end":{"line":361,"column":3}},"line":353},"27":{"name":"(anonymous_27)","decl":{"start":{"line":363,"column":2},"end":{"line":363,"column":3}},"loc":{"start":{"line":368,"column":4},"end":{"line":376,"column":3}},"line":368},"28":{"name":"(anonymous_28)","decl":{"start":{"line":378,"column":2},"end":{"line":378,"column":3}},"loc":{"start":{"line":378,"column":55},"end":{"line":386,"column":3}},"line":378},"29":{"name":"(anonymous_29)","decl":{"start":{"line":388,"column":2},"end":{"line":388,"column":3}},"loc":{"start":{"line":388,"column":54},"end":{"line":394,"column":3}},"line":388},"30":{"name":"(anonymous_30)","decl":{"start":{"line":396,"column":2},"end":{"line":396,"column":3}},"loc":{"start":{"line":396,"column":47},"end":{"line":402,"column":3}},"line":396},"31":{"name":"(anonymous_31)","decl":{"start":{"line":404,"column":2},"end":{"line":404,"column":3}},"loc":{"start":{"line":404,"column":51},"end":{"line":410,"column":3}},"line":404},"32":{"name":"(anonymous_32)","decl":{"start":{"line":412,"column":2},"end":{"line":412,"column":3}},"loc":{"start":{"line":412,"column":48},"end":{"line":434,"column":3}},"line":412},"33":{"name":"(anonymous_33)","decl":{"start":{"line":422,"column":20},"end":{"line":422,"column":21}},"loc":{"start":{"line":422,"column":28},"end":{"line":432,"column":7}},"line":422},"34":{"name":"(anonymous_34)","decl":{"start":{"line":436,"column":2},"end":{"line":436,"column":3}},"loc":{"start":{"line":436,"column":48},"end":{"line":438,"column":3}},"line":436},"35":{"name":"(anonymous_35)","decl":{"start":{"line":440,"column":2},"end":{"line":440,"column":3}},"loc":{"start":{"line":440,"column":63},"end":{"line":452,"column":3}},"line":440},"36":{"name":"(anonymous_36)","decl":{"start":{"line":454,"column":2},"end":{"line":454,"column":3}},"loc":{"start":{"line":454,"column":63},"end":{"line":466,"column":3}},"line":454},"37":{"name":"(anonymous_37)","decl":{"start":{"line":468,"column":2},"end":{"line":468,"column":3}},"loc":{"start":{"line":468,"column":64},"end":{"line":476,"column":3}},"line":468}},"branchMap":{"0":{"loc":{"start":{"line":45,"column":4},"end":{"line":53,"column":5}},"type":"if","locations":[{"start":{"line":45,"column":4},"end":{"line":53,"column":5}},{"start":{"line":45,"column":4},"end":{"line":53,"column":5}}],"line":45},"1":{"loc":{"start":{"line":55,"column":4},"end":{"line":59,"column":5}},"type":"if","locations":[{"start":{"line":55,"column":4},"end":{"line":59,"column":5}},{"start":{"line":55,"column":4},"end":{"line":59,"column":5}}],"line":55},"2":{"loc":{"start":{"line":79,"column":4},"end":{"line":94,"column":5}},"type":"switch","locations":[{"start":{"line":80,"column":6},"end":{"line":82,"column":14}},{"start":{"line":83,"column":6},"end":{"line":85,"column":14}},{"start":{"line":86,"column":6},"end":{"line":88,"column":14}},{"start":{"line":89,"column":6},"end":{"line":91,"column":14}},{"start":{"line":92,"column":6},"end":{"line":93,"column":14}}],"line":79},"3":{"loc":{"start":{"line":104,"column":25},"end":{"line":104,"column":58}},"type":"binary-expr","locations":[{"start":{"line":104,"column":25},"end":{"line":104,"column":33}},{"start":{"line":104,"column":37},"end":{"line":104,"column":45}},{"start":{"line":104,"column":49},"end":{"line":104,"column":58}}],"line":104},"4":{"loc":{"start":{"line":106,"column":4},"end":{"line":110,"column":5}},"type":"if","locations":[{"start":{"line":106,"column":4},"end":{"line":110,"column":5}},{"start":{"line":106,"column":4},"end":{"line":110,"column":5}}],"line":106},"5":{"loc":{"start":{"line":112,"column":4},"end":{"line":114,"column":5}},"type":"if","locations":[{"start":{"line":112,"column":4},"end":{"line":114,"column":5}},{"start":{"line":112,"column":4},"end":{"line":114,"column":5}}],"line":112},"6":{"loc":{"start":{"line":116,"column":4},"end":{"line":122,"column":5}},"type":"if","locations":[{"start":{"line":116,"column":4},"end":{"line":122,"column":5}},{"start":{"line":116,"column":4},"end":{"line":122,"column":5}}],"line":116},"7":{"loc":{"start":{"line":127,"column":26},"end":{"line":127,"column":66}},"type":"binary-expr","locations":[{"start":{"line":127,"column":26},"end":{"line":127,"column":35}},{"start":{"line":127,"column":39},"end":{"line":127,"column":49}},{"start":{"line":127,"column":53},"end":{"line":127,"column":66}}],"line":127},"8":{"loc":{"start":{"line":129,"column":4},"end":{"line":134,"column":5}},"type":"if","locations":[{"start":{"line":129,"column":4},"end":{"line":134,"column":5}},{"start":{"line":129,"column":4},"end":{"line":134,"column":5}}],"line":129},"9":{"loc":{"start":{"line":153,"column":4},"end":{"line":157,"column":5}},"type":"if","locations":[{"start":{"line":153,"column":4},"end":{"line":157,"column":5}},{"start":{"line":153,"column":4},"end":{"line":157,"column":5}}],"line":153},"10":{"loc":{"start":{"line":159,"column":4},"end":{"line":159,"column":72}},"type":"if","locations":[{"start":{"line":159,"column":4},"end":{"line":159,"column":72}},{"start":{"line":159,"column":4},"end":{"line":159,"column":72}}],"line":159},"11":{"loc":{"start":{"line":163,"column":4},"end":{"line":168,"column":5}},"type":"if","locations":[{"start":{"line":163,"column":4},"end":{"line":168,"column":5}},{"start":{"line":163,"column":4},"end":{"line":168,"column":5}}],"line":163},"12":{"loc":{"start":{"line":164,"column":6},"end":{"line":165,"column":30}},"type":"if","locations":[{"start":{"line":164,"column":6},"end":{"line":165,"column":30}},{"start":{"line":164,"column":6},"end":{"line":165,"column":30}}],"line":164},"13":{"loc":{"start":{"line":166,"column":6},"end":{"line":167,"column":32}},"type":"if","locations":[{"start":{"line":166,"column":6},"end":{"line":167,"column":32}},{"start":{"line":166,"column":6},"end":{"line":167,"column":32}}],"line":166},"14":{"loc":{"start":{"line":171,"column":4},"end":{"line":181,"column":5}},"type":"if","locations":[{"start":{"line":171,"column":4},"end":{"line":181,"column":5}},{"start":{"line":171,"column":4},"end":{"line":181,"column":5}}],"line":171},"15":{"loc":{"start":{"line":233,"column":6},"end":{"line":233,"column":61}},"type":"cond-expr","locations":[{"start":{"line":233,"column":40},"end":{"line":233,"column":55}},{"start":{"line":233,"column":58},"end":{"line":233,"column":61}}],"line":233},"16":{"loc":{"start":{"line":237,"column":4},"end":{"line":241,"column":5}},"type":"if","locations":[{"start":{"line":237,"column":4},"end":{"line":241,"column":5}},{"start":{"line":237,"column":4},"end":{"line":241,"column":5}}],"line":237},"17":{"loc":{"start":{"line":243,"column":4},"end":{"line":247,"column":5}},"type":"if","locations":[{"start":{"line":243,"column":4},"end":{"line":247,"column":5}},{"start":{"line":243,"column":4},"end":{"line":247,"column":5}}],"line":243},"18":{"loc":{"start":{"line":248,"column":4},"end":{"line":249,"column":77}},"type":"if","locations":[{"start":{"line":248,"column":4},"end":{"line":249,"column":77}},{"start":{"line":248,"column":4},"end":{"line":249,"column":77}}],"line":248},"19":{"loc":{"start":{"line":266,"column":6},"end":{"line":266,"column":61}},"type":"cond-expr","locations":[{"start":{"line":266,"column":40},"end":{"line":266,"column":55}},{"start":{"line":266,"column":58},"end":{"line":266,"column":61}}],"line":266},"20":{"loc":{"start":{"line":270,"column":4},"end":{"line":276,"column":5}},"type":"if","locations":[{"start":{"line":270,"column":4},"end":{"line":276,"column":5}},{"start":{"line":270,"column":4},"end":{"line":276,"column":5}}],"line":270},"21":{"loc":{"start":{"line":278,"column":4},"end":{"line":284,"column":5}},"type":"if","locations":[{"start":{"line":278,"column":4},"end":{"line":284,"column":5}},{"start":{"line":278,"column":4},"end":{"line":284,"column":5}}],"line":278},"22":{"loc":{"start":{"line":285,"column":4},"end":{"line":286,"column":75}},"type":"if","locations":[{"start":{"line":285,"column":4},"end":{"line":286,"column":75}},{"start":{"line":285,"column":4},"end":{"line":286,"column":75}}],"line":285},"23":{"loc":{"start":{"line":330,"column":23},"end":{"line":330,"column":45}},"type":"binary-expr","locations":[{"start":{"line":330,"column":23},"end":{"line":330,"column":32}},{"start":{"line":330,"column":36},"end":{"line":330,"column":45}}],"line":330},"24":{"loc":{"start":{"line":332,"column":4},"end":{"line":338,"column":5}},"type":"if","locations":[{"start":{"line":332,"column":4},"end":{"line":338,"column":5}},{"start":{"line":332,"column":4},"end":{"line":338,"column":5}}],"line":332},"25":{"loc":{"start":{"line":370,"column":4},"end":{"line":374,"column":5}},"type":"if","locations":[{"start":{"line":370,"column":4},"end":{"line":374,"column":5}},{"start":{"line":370,"column":4},"end":{"line":374,"column":5}}],"line":370},"26":{"loc":{"start":{"line":375,"column":4},"end":{"line":375,"column":43}},"type":"if","locations":[{"start":{"line":375,"column":4},"end":{"line":375,"column":43}},{"start":{"line":375,"column":4},"end":{"line":375,"column":43}}],"line":375},"27":{"loc":{"start":{"line":389,"column":4},"end":{"line":393,"column":5}},"type":"if","locations":[{"start":{"line":389,"column":4},"end":{"line":393,"column":5}},{"start":{"line":389,"column":4},"end":{"line":393,"column":5}}],"line":389},"28":{"loc":{"start":{"line":397,"column":4},"end":{"line":401,"column":5}},"type":"if","locations":[{"start":{"line":397,"column":4},"end":{"line":401,"column":5}},{"start":{"line":397,"column":4},"end":{"line":401,"column":5}}],"line":397},"29":{"loc":{"start":{"line":405,"column":4},"end":{"line":409,"column":5}},"type":"if","locations":[{"start":{"line":405,"column":4},"end":{"line":409,"column":5}},{"start":{"line":405,"column":4},"end":{"line":409,"column":5}}],"line":405},"30":{"loc":{"start":{"line":413,"column":4},"end":{"line":433,"column":5}},"type":"if","locations":[{"start":{"line":413,"column":4},"end":{"line":433,"column":5}},{"start":{"line":413,"column":4},"end":{"line":433,"column":5}}],"line":413},"31":{"loc":{"start":{"line":424,"column":8},"end":{"line":427,"column":9}},"type":"if","locations":[{"start":{"line":424,"column":8},"end":{"line":427,"column":9}},{"start":{"line":424,"column":8},"end":{"line":427,"column":9}}],"line":424},"32":{"loc":{"start":{"line":429,"column":8},"end":{"line":429,"column":70}},"type":"if","locations":[{"start":{"line":429,"column":8},"end":{"line":429,"column":70}},{"start":{"line":429,"column":8},"end":{"line":429,"column":70}}],"line":429},"33":{"loc":{"start":{"line":447,"column":4},"end":{"line":451,"column":5}},"type":"if","locations":[{"start":{"line":447,"column":4},"end":{"line":451,"column":5}},{"start":{"line":447,"column":4},"end":{"line":451,"column":5}}],"line":447},"34":{"loc":{"start":{"line":461,"column":4},"end":{"line":465,"column":5}},"type":"if","locations":[{"start":{"line":461,"column":4},"end":{"line":465,"column":5}},{"start":{"line":461,"column":4},"end":{"line":465,"column":5}}],"line":461}},"s":{"0":4,"1":4,"2":4,"3":4,"4":1,"5":1,"6":1,"7":1,"8":1,"9":1,"10":1,"11":3,"12":1,"13":1,"14":1,"15":2,"16":2,"17":2,"18":2,"19":2,"20":2,"21":2,"22":2,"23":2,"24":4,"25":4,"26":4,"27":4,"28":4,"29":1,"30":1,"31":1,"32":1,"33":1,"34":1,"35":1,"36":1,"37":0,"38":4,"39":8,"40":8,"41":8,"42":8,"43":8,"44":8,"45":5,"46":5,"47":5,"48":8,"49":1,"50":8,"51":1,"52":1,"53":8,"54":8,"55":8,"56":8,"57":8,"58":1,"59":4,"60":4,"61":4,"62":4,"63":4,"64":4,"65":4,"66":4,"67":4,"68":4,"69":4,"70":2,"71":2,"72":4,"73":3,"74":4,"75":4,"76":3,"77":1,"78":3,"79":1,"80":4,"81":4,"82":2,"83":2,"84":4,"85":4,"86":4,"87":8,"88":4,"89":4,"90":4,"91":1,"92":4,"93":3,"94":4,"95":4,"96":4,"97":4,"98":4,"99":4,"100":4,"101":2,"102":2,"103":2,"104":2,"105":2,"106":2,"107":2,"108":2,"109":2,"110":1,"111":1,"112":1,"113":2,"114":1,"115":1,"116":1,"117":2,"118":1,"119":2,"120":2,"121":2,"122":2,"123":2,"124":2,"125":2,"126":2,"127":2,"128":1,"129":1,"130":1,"131":2,"132":1,"133":1,"134":1,"135":2,"136":1,"137":2,"138":3,"139":2,"140":3,"141":2,"142":2,"143":8,"144":8,"145":8,"146":8,"147":8,"148":8,"149":4,"150":2,"151":4,"152":2,"153":8,"154":4,"155":4,"156":4,"157":4,"158":8,"159":8,"160":8,"161":8,"162":4,"163":4,"164":4,"165":4,"166":6,"167":6,"168":3,"169":3,"170":6,"171":2,"172":4,"173":4,"174":4,"175":4,"176":3,"177":1,"178":3,"179":1,"180":3,"181":1,"182":3,"183":2,"184":2,"185":2,"186":2,"187":2,"188":201,"189":201,"190":179,"191":179,"192":22,"193":22,"194":19,"195":22,"196":22,"197":1,"198":5,"199":5,"200":5,"201":4,"202":1,"203":5,"204":5,"205":5,"206":4,"207":1,"208":5,"209":5,"210":5},"f":{"0":4,"1":4,"2":4,"3":8,"4":4,"5":4,"6":4,"7":8,"8":4,"9":1,"10":3,"11":4,"12":4,"13":2,"14":2,"15":2,"16":2,"17":3,"18":2,"19":3,"20":2,"21":2,"22":8,"23":2,"24":2,"25":4,"26":4,"27":6,"28":4,"29":3,"30":3,"31":3,"32":3,"33":201,"34":1,"35":5,"36":5,"37":5},"b":{"0":[1,3],"1":[1,2],"2":[1,1,1,1,0],"3":[8,6,4],"4":[5,3],"5":[1,7],"6":[1,7],"7":[8,7,7],"8":[1,7],"9":[2,2],"10":[3,1],"11":[3,1],"12":[1,2],"13":[1,2],"14":[2,2],"15":[0,2],"16":[1,1],"17":[1,1],"18":[1,1],"19":[0,2],"20":[1,1],"21":[1,1],"22":[1,1],"23":[8,6],"24":[4,4],"25":[3,3],"26":[2,4],"27":[1,2],"28":[1,2],"29":[1,2],"30":[2,1],"31":[179,22],"32":[19,3],"33":[4,1],"34":[4,1]},"_coverageSchema":"1a1c01bbd47fc00a2c39e90264f33305004495a9","hash":"08dd497b0440e47c62df7cd83813ddb9f4f4d9b6"}
}
