TN:
SF:src\scripts\const.ts
FNF:0
FNH:0
DA:1,7
DA:2,7
DA:3,7
DA:4,7
DA:5,7
DA:6,7
DA:7,7
DA:8,7
DA:9,7
DA:10,7
DA:11,7
DA:12,7
DA:13,7
DA:14,7
DA:15,7
DA:16,7
DA:17,7
DA:18,7
DA:19,7
LF:19
LH:19
BRF:0
BRH:0
end_of_record
TN:
SF:src\scripts\components\model\model.ts
FN:9,(anonymous_0)
FN:16,(anonymous_1)
FN:28,(anonymous_2)
FN:32,(anonymous_3)
FN:53,(anonymous_4)
FN:63,(anonymous_5)
FN:84,(anonymous_6)
FN:85,(anonymous_7)
FN:152,(anonymous_8)
FNF:9
FNH:9
FNDA:11,(anonymous_0)
FNDA:6,(anonymous_1)
FNDA:1,(anonymous_2)
FNDA:73,(anonymous_3)
FNDA:8,(anonymous_4)
FNDA:46,(anonymous_5)
FNDA:28,(anonymous_6)
FNDA:37,(anonymous_7)
FNDA:11,(anonymous_8)
DA:10,11
DA:11,11
DA:12,11
DA:13,11
DA:17,6
DA:18,6
DA:19,6
DA:20,6
DA:21,6
DA:29,1
DA:33,73
DA:34,73
DA:35,73
DA:37,73
DA:38,73
DA:39,73
DA:40,73
DA:41,6
DA:43,73
DA:44,6
DA:46,73
DA:54,8
DA:55,8
DA:56,8
DA:57,8
DA:58,8
DA:59,8
DA:60,8
DA:68,46
DA:69,46
DA:71,46
DA:73,46
DA:74,46
DA:75,46
DA:85,28
DA:86,37
DA:88,1
DA:89,1
DA:90,1
DA:92,2
DA:93,2
DA:94,2
DA:96,2
DA:97,2
DA:98,2
DA:100,3
DA:101,3
DA:102,3
DA:104,1
DA:105,1
DA:106,1
DA:108,1
DA:109,1
DA:110,1
DA:112,2
DA:113,2
DA:115,1
DA:116,1
DA:117,1
DA:119,5
DA:120,5
DA:121,5
DA:123,1
DA:124,1
DA:125,1
DA:127,7
DA:128,7
DA:129,7
DA:131,4
DA:132,4
DA:133,4
DA:135,2
DA:136,2
DA:137,2
DA:139,2
DA:140,2
DA:141,2
DA:143,2
DA:144,2
DA:145,2
DA:147,1
DA:153,11
DA:154,11
LF:83
LH:83
BRDA:19,0,0,3
BRDA:19,0,1,3
BRDA:38,1,0,1
BRDA:38,1,1,72
BRDA:39,2,0,1
BRDA:39,2,1,72
BRDA:39,3,0,73
BRDA:39,3,1,72
BRDA:40,4,0,6
BRDA:40,4,1,67
BRDA:41,5,0,1
BRDA:41,5,1,5
BRDA:43,6,0,6
BRDA:43,6,1,67
BRDA:44,7,0,1
BRDA:44,7,1,5
BRDA:57,8,0,1
BRDA:57,8,1,7
BRDA:58,9,0,1
BRDA:58,9,1,7
BRDA:59,10,0,5
BRDA:59,10,1,3
BRDA:74,11,0,46
BRDA:74,11,1,42
BRDA:74,12,0,46
BRDA:74,12,1,41
BRDA:86,13,0,1
BRDA:86,13,1,2
BRDA:86,13,2,2
BRDA:86,13,3,3
BRDA:86,13,4,1
BRDA:86,13,5,1
BRDA:86,13,6,2
BRDA:86,13,7,1
BRDA:86,13,8,5
BRDA:86,13,9,1
BRDA:86,13,10,7
BRDA:86,13,11,4
BRDA:86,13,12,2
BRDA:86,13,13,2
BRDA:86,13,14,2
BRDA:86,13,15,1
BRDA:154,14,0,1
BRDA:154,14,1,10
BRF:44
BRH:44
end_of_record
TN:
SF:src\scripts\components\observer\observer.ts
FN:6,(anonymous_0)
FN:10,(anonymous_1)
FN:14,(anonymous_2)
FN:18,(anonymous_3)
FNF:4
FNH:4
FNDA:16,(anonymous_0)
FNDA:7,(anonymous_1)
FNDA:69,(anonymous_2)
FNDA:5,(anonymous_3)
DA:7,16
DA:11,7
DA:18,69
LF:3
LH:3
BRF:0
BRH:0
end_of_record
TN:
SF:src\scripts\components\presenter\presenter.ts
FN:10,(anonymous_0)
FN:16,(anonymous_1)
FN:17,(anonymous_2)
FN:22,(anonymous_3)
FNF:4
FNH:4
FNDA:3,(anonymous_0)
FNDA:3,(anonymous_1)
FNDA:1,(anonymous_2)
FNDA:3,(anonymous_3)
DA:11,3
DA:12,3
DA:13,3
DA:17,3
DA:18,1
DA:20,3
DA:22,3
DA:23,3
DA:24,3
DA:26,3
LF:10
LH:10
BRF:0
BRH:0
end_of_record
TN:
SF:src\scripts\components\view\abstract-view.ts
FN:6,(anonymous_0)
FN:15,(anonymous_1)
FN:21,(anonymous_2)
FN:25,(anonymous_3)
FN:29,(anonymous_4)
FN:31,(anonymous_5)
FN:38,(anonymous_6)
FNF:7
FNH:4
FNDA:232,(anonymous_0)
FNDA:111,(anonymous_1)
FNDA:0,(anonymous_2)
FNDA:0,(anonymous_3)
FNDA:0,(anonymous_4)
FNDA:142,(anonymous_5)
FNDA:142,(anonymous_6)
DA:7,232
DA:8,201
DA:10,31
DA:11,31
DA:12,31
DA:16,111
DA:17,111
DA:18,111
DA:22,0
DA:26,0
DA:32,142
DA:33,142
DA:34,142
DA:35,142
DA:39,142
LF:15
LH:13
BRDA:7,0,0,201
BRDA:7,0,1,31
BRF:2
BRH:2
end_of_record
TN:
SF:src\scripts\components\view\configuring-view.ts
FN:6,(anonymous_0)
FN:10,(anonymous_1)
FN:105,(anonymous_2)
FN:108,(anonymous_3)
FN:116,(anonymous_4)
FNF:5
FNH:5
FNDA:29,(anonymous_0)
FNDA:29,(anonymous_1)
FNDA:29,(anonymous_2)
FNDA:339,(anonymous_3)
FNDA:1,(anonymous_4)
DA:7,29
DA:23,29
DA:24,29
DA:25,29
DA:27,29
DA:28,20
DA:37,20
DA:40,29
DA:106,29
DA:109,339
LF:10
LH:10
BRDA:27,0,0,20
BRDA:27,0,1,9
BRDA:33,1,0,19
BRDA:33,1,1,1
BRDA:56,2,0,28
BRDA:56,2,1,1
BRDA:66,3,0,13
BRDA:66,3,1,16
BRDA:70,4,0,16
BRDA:70,4,1,13
BRDA:76,5,0,9
BRDA:76,5,1,20
BRDA:80,6,0,20
BRDA:80,6,1,9
BRDA:86,7,0,22
BRDA:86,7,1,7
BRDA:92,8,0,26
BRDA:92,8,1,3
BRDA:98,9,0,24
BRDA:98,9,1,5
BRF:20
BRH:20
end_of_record
TN:
SF:src\scripts\components\view\flag-view.ts
FN:6,(anonymous_0)
FN:10,(anonymous_1)
FN:46,(anonymous_2)
FN:49,(anonymous_3)
FN:57,(anonymous_4)
FN:65,(anonymous_5)
FNF:6
FNH:6
FNDA:28,(anonymous_0)
FNDA:28,(anonymous_1)
FNDA:28,(anonymous_2)
FNDA:49,(anonymous_3)
FNDA:49,(anonymous_4)
FNDA:1,(anonymous_5)
DA:7,28
DA:11,28
DA:12,28
DA:13,28
DA:14,28
DA:15,28
DA:16,28
DA:17,28
DA:18,28
DA:19,28
DA:21,28
DA:22,5
DA:27,28
DA:28,16
DA:33,28
DA:34,16
DA:35,16
DA:38,28
DA:47,28
DA:50,49
DA:55,28
DA:58,49
LF:22
LH:22
BRDA:18,0,0,28
BRDA:18,0,1,21
BRDA:19,1,0,28
BRDA:19,1,1,21
BRDA:21,2,0,5
BRDA:21,2,1,23
BRDA:23,3,0,4
BRDA:23,3,1,1
BRDA:27,4,0,16
BRDA:27,4,1,12
BRDA:29,5,0,15
BRDA:29,5,1,1
BRDA:33,6,0,16
BRDA:33,6,1,12
BRDA:41,7,0,27
BRDA:41,7,1,1
BRF:16
BRH:16
end_of_record
TN:
SF:src\scripts\components\view\progress-view.ts
FN:6,(anonymous_0)
FN:10,(anonymous_1)
FN:25,(anonymous_2)
FN:32,(anonymous_3)
FNF:4
FNH:4
FNDA:29,(anonymous_0)
FNDA:29,(anonymous_1)
FNDA:29,(anonymous_2)
FNDA:1,(anonymous_3)
DA:7,29
DA:11,29
DA:12,29
DA:16,29
DA:17,16
DA:22,29
DA:26,29
LF:7
LH:7
BRDA:16,0,0,16
BRDA:16,0,1,13
BRF:2
BRH:2
end_of_record
TN:
SF:src\scripts\components\view\scale-view.ts
FN:6,(anonymous_0)
FN:15,(anonymous_1)
FN:45,(anonymous_2)
FN:48,(anonymous_3)
FN:53,(anonymous_4)
FNF:5
FNH:5
FNDA:27,(anonymous_0)
FNDA:27,(anonymous_1)
FNDA:27,(anonymous_2)
FNDA:1593,(anonymous_3)
FNDA:1,(anonymous_4)
DA:7,27
DA:8,27
DA:10,27
DA:12,27
DA:16,27
DA:17,27
DA:18,27
DA:20,27
DA:22,27
DA:23,1585
DA:24,1585
DA:25,1585
DA:27,1585
DA:34,27
DA:35,8
DA:42,27
DA:46,27
DA:49,1593
LF:18
LH:18
BRDA:10,0,0,16
BRDA:10,0,1,11
BRDA:20,1,0,16
BRDA:20,1,1,11
BRDA:24,2,0,20
BRDA:24,2,1,1565
BRDA:25,3,0,19
BRDA:25,3,1,1566
BRDA:34,4,0,8
BRDA:34,4,1,19
BRF:10
BRH:10
end_of_record
TN:
SF:src\scripts\components\view\track-view.ts
FN:6,(anonymous_0)
FN:10,(anonymous_1)
FN:48,(anonymous_2)
FN:51,(anonymous_3)
FN:59,(anonymous_4)
FN:67,(anonymous_5)
FNF:6
FNH:6
FNDA:29,(anonymous_0)
FNDA:29,(anonymous_1)
FNDA:29,(anonymous_2)
FNDA:50,(anonymous_3)
FNDA:50,(anonymous_4)
FNDA:1,(anonymous_5)
DA:7,29
DA:11,29
DA:12,29
DA:13,29
DA:14,29
DA:15,29
DA:16,29
DA:17,29
DA:18,29
DA:19,29
DA:20,29
DA:21,29
DA:23,29
DA:24,6
DA:27,29
DA:28,15
DA:31,29
DA:32,16
DA:33,16
DA:34,16
DA:35,16
DA:38,29
DA:49,29
DA:52,50
DA:57,29
DA:60,50
LF:26
LH:26
BRDA:20,0,0,29
BRDA:20,0,1,21
BRDA:21,1,0,29
BRDA:21,1,1,21
BRDA:23,2,0,6
BRDA:23,2,1,23
BRDA:27,3,0,15
BRDA:27,3,1,14
BRDA:31,4,0,16
BRDA:31,4,1,13
BRF:10
BRH:10
end_of_record
TN:
SF:src\scripts\components\view\view.ts
FN:38,(anonymous_0)
FN:44,(anonymous_1)
FN:72,(anonymous_2)
FN:99,(anonymous_3)
FN:137,(anonymous_4)
FN:184,(anonymous_5)
FN:189,(anonymous_6)
FN:190,(anonymous_7)
FN:194,(anonymous_8)
FN:198,(anonymous_9)
FN:202,(anonymous_10)
FN:206,(anonymous_11)
FN:211,(anonymous_12)
FN:219,(anonymous_13)
FN:232,(anonymous_14)
FN:253,(anonymous_15)
FN:265,(anonymous_16)
FN:290,(anonymous_17)
FN:296,(anonymous_18)
FN:302,(anonymous_19)
FN:308,(anonymous_20)
FN:314,(anonymous_21)
FN:320,(anonymous_22)
FN:333,(anonymous_23)
FN:336,(anonymous_24)
FN:340,(anonymous_25)
FN:353,(anonymous_26)
FN:363,(anonymous_27)
FN:378,(anonymous_28)
FN:388,(anonymous_29)
FN:396,(anonymous_30)
FN:404,(anonymous_31)
FN:412,(anonymous_32)
FN:422,(anonymous_33)
FN:436,(anonymous_34)
FN:440,(anonymous_35)
FN:454,(anonymous_36)
FN:468,(anonymous_37)
FNF:38
FNH:38
FNDA:4,(anonymous_0)
FNDA:4,(anonymous_1)
FNDA:4,(anonymous_2)
FNDA:8,(anonymous_3)
FNDA:4,(anonymous_4)
FNDA:4,(anonymous_5)
FNDA:4,(anonymous_6)
FNDA:8,(anonymous_7)
FNDA:4,(anonymous_8)
FNDA:1,(anonymous_9)
FNDA:3,(anonymous_10)
FNDA:4,(anonymous_11)
FNDA:4,(anonymous_12)
FNDA:2,(anonymous_13)
FNDA:2,(anonymous_14)
FNDA:2,(anonymous_15)
FNDA:2,(anonymous_16)
FNDA:3,(anonymous_17)
FNDA:2,(anonymous_18)
FNDA:3,(anonymous_19)
FNDA:2,(anonymous_20)
FNDA:2,(anonymous_21)
FNDA:8,(anonymous_22)
FNDA:2,(anonymous_23)
FNDA:2,(anonymous_24)
FNDA:4,(anonymous_25)
FNDA:4,(anonymous_26)
FNDA:6,(anonymous_27)
FNDA:4,(anonymous_28)
FNDA:3,(anonymous_29)
FNDA:3,(anonymous_30)
FNDA:3,(anonymous_31)
FNDA:3,(anonymous_32)
FNDA:201,(anonymous_33)
FNDA:1,(anonymous_34)
FNDA:5,(anonymous_35)
FNDA:5,(anonymous_36)
FNDA:5,(anonymous_37)
DA:39,4
DA:40,4
DA:41,4
DA:45,4
DA:46,1
DA:47,1
DA:48,1
DA:49,1
DA:50,1
DA:51,1
DA:52,1
DA:55,3
DA:56,1
DA:57,1
DA:58,1
DA:61,2
DA:62,2
DA:63,2
DA:64,2
DA:65,2
DA:66,2
DA:67,2
DA:68,2
DA:69,2
DA:73,4
DA:74,4
DA:75,4
DA:76,4
DA:79,4
DA:81,1
DA:82,1
DA:84,1
DA:85,1
DA:87,1
DA:88,1
DA:90,1
DA:91,1
DA:93,0
DA:96,4
DA:100,8
DA:101,8
DA:102,8
DA:103,8
DA:104,8
DA:106,8
DA:107,5
DA:108,5
DA:109,5
DA:112,8
DA:113,1
DA:116,8
DA:117,1
DA:118,1
DA:124,8
DA:125,8
DA:126,8
DA:127,8
DA:129,8
DA:130,1
DA:141,4
DA:142,4
DA:143,4
DA:144,4
DA:145,4
DA:146,4
DA:147,4
DA:148,4
DA:149,4
DA:150,4
DA:153,4
DA:154,2
DA:156,2
DA:159,4
DA:161,4
DA:163,4
DA:164,3
DA:165,1
DA:166,3
DA:167,1
DA:169,4
DA:171,4
DA:172,2
DA:177,2
DA:185,4
DA:186,4
DA:190,4
DA:191,8
DA:194,4
DA:195,4
DA:198,4
DA:199,1
DA:202,4
DA:203,3
DA:206,4
DA:207,4
DA:212,4
DA:213,4
DA:214,4
DA:215,4
DA:216,4
DA:225,2
DA:226,2
DA:227,2
DA:228,2
DA:232,2
DA:233,2
DA:234,2
DA:235,2
DA:237,2
DA:238,1
DA:239,1
DA:240,1
DA:243,2
DA:244,1
DA:245,1
DA:246,1
DA:248,2
DA:249,1
DA:250,2
DA:259,2
DA:260,2
DA:261,2
DA:265,2
DA:266,2
DA:267,2
DA:268,2
DA:270,2
DA:271,1
DA:272,1
DA:273,1
DA:278,2
DA:279,1
DA:280,1
DA:281,1
DA:285,2
DA:286,1
DA:287,2
DA:291,3
DA:297,2
DA:303,3
DA:309,2
DA:315,2
DA:325,8
DA:326,8
DA:328,8
DA:329,8
DA:330,8
DA:332,8
DA:333,4
DA:334,2
DA:336,4
DA:337,2
DA:340,8
DA:341,4
DA:342,4
DA:343,4
DA:344,4
DA:347,8
DA:348,8
DA:349,8
DA:350,8
DA:354,4
DA:355,4
DA:356,4
DA:357,4
DA:369,6
DA:370,6
DA:371,3
DA:373,3
DA:375,6
DA:379,4
DA:380,4
DA:381,4
DA:382,4
DA:389,3
DA:390,1
DA:397,3
DA:398,1
DA:405,3
DA:406,1
DA:413,3
DA:414,2
DA:417,2
DA:420,2
DA:421,2
DA:422,2
DA:423,201
DA:424,201
DA:425,179
DA:426,179
DA:428,22
DA:429,22
DA:430,22
DA:431,22
DA:437,1
DA:441,5
DA:446,5
DA:447,5
DA:448,4
DA:450,1
DA:455,5
DA:460,5
DA:461,5
DA:462,4
DA:464,1
DA:469,5
DA:474,5
DA:475,5
LF:208
LH:207
BRDA:45,0,0,1
BRDA:45,0,1,3
BRDA:55,1,0,1
BRDA:55,1,1,2
BRDA:79,2,0,1
BRDA:79,2,1,1
BRDA:79,2,2,1
BRDA:79,2,3,1
BRDA:79,2,4,0
BRDA:104,3,0,8
BRDA:104,3,1,6
BRDA:104,3,2,4
BRDA:106,4,0,5
BRDA:106,4,1,3
BRDA:112,5,0,1
BRDA:112,5,1,7
BRDA:116,6,0,1
BRDA:116,6,1,7
BRDA:127,7,0,8
BRDA:127,7,1,7
BRDA:127,7,2,7
BRDA:129,8,0,1
BRDA:129,8,1,7
BRDA:153,9,0,2
BRDA:153,9,1,2
BRDA:159,10,0,3
BRDA:159,10,1,1
BRDA:163,11,0,3
BRDA:163,11,1,1
BRDA:164,12,0,1
BRDA:164,12,1,2
BRDA:166,13,0,1
BRDA:166,13,1,2
BRDA:171,14,0,2
BRDA:171,14,1,2
BRDA:233,15,0,0
BRDA:233,15,1,2
BRDA:237,16,0,1
BRDA:237,16,1,1
BRDA:243,17,0,1
BRDA:243,17,1,1
BRDA:248,18,0,1
BRDA:248,18,1,1
BRDA:266,19,0,0
BRDA:266,19,1,2
BRDA:270,20,0,1
BRDA:270,20,1,1
BRDA:278,21,0,1
BRDA:278,21,1,1
BRDA:285,22,0,1
BRDA:285,22,1,1
BRDA:330,23,0,8
BRDA:330,23,1,6
BRDA:332,24,0,4
BRDA:332,24,1,4
BRDA:370,25,0,3
BRDA:370,25,1,3
BRDA:375,26,0,2
BRDA:375,26,1,4
BRDA:389,27,0,1
BRDA:389,27,1,2
BRDA:397,28,0,1
BRDA:397,28,1,2
BRDA:405,29,0,1
BRDA:405,29,1,2
BRDA:413,30,0,2
BRDA:413,30,1,1
BRDA:424,31,0,179
BRDA:424,31,1,22
BRDA:429,32,0,19
BRDA:429,32,1,3
BRDA:447,33,0,4
BRDA:447,33,1,1
BRDA:461,34,0,4
BRDA:461,34,1,1
BRF:75
BRH:72
end_of_record
